Arguments: 
  /Users/alextowle/.nvm/versions/node/v10.23.0/bin/node /usr/local/Cellar/yarn/1.22.10/libexec/bin/yarn.js

PATH: 
  /Users/alextowle/go/bin:/Users/alextowle/.nvm/versions/node/v10.23.0/bin:/Users/alextowle/go/bin:/Users/alextowle/.cargo/bin:/Library/Frameworks/Python.framework/Versions/3.6/bin:/usr/local/bin:/usr/bin:/bin:/usr/sbin:/sbin:/Library/TeX/texbin:/Users/alextowle/wabt/bin

Yarn version: 
  1.22.10

Node version: 
  10.23.0

Platform: 
  darwin x64

Trace: 
  SyntaxError: /Users/alextowle/programming/jalextowle/ddx-token-check/package.json: Unexpected string in JSON at position 146
      at JSON.parse (<anonymous>)
      at /usr/local/Cellar/yarn/1.22.10/libexec/lib/cli.js:1625:59
      at Generator.next (<anonymous>)
      at step (/usr/local/Cellar/yarn/1.22.10/libexec/lib/cli.js:310:30)
      at /usr/local/Cellar/yarn/1.22.10/libexec/lib/cli.js:321:13

npm manifest: 
  {
    "name": "ddx-token-check",
    "version": "1.0.0",
    "main": "index.js",
    "license": "MIT",
      "scripts": {
          "build": "tsc -b"
          "lint": "eslint '*/**/*.{js,ts,tsx}' --fix",
          "lint:ci": "eslint '*/**/*.{js,ts,tsx}'",
          "prettier": "prettier --write '**/*.{ts,tsx,json,md}' --config .prettierrc",
          "prettier:ci": "prettier --list-different '**/*.{ts,tsx,json,md}' --config .prettierrc",
      },
    "dependencies": {
      "@derivadex/contract-wrappers": "^0.0.1"
    },
      "devDependencies": {
          "@typescript-eslint/eslint-plugin": "^4.2.0",
          "@typescript-eslint/parser": "^4.2.0",
          "eslint": "^6.6.0",
          "eslint-config-prettier": "^6.12.0",
          "eslint-plugin-prettier": "^3.1.4",
          "eslint-plugin-simple-import-sort": "^5.0.3",
          "husky": "^4.3.0",
          "lint-staged": "^10.5.1",
          "prettier": "^1.14.3"
      },
      "husky": {
          "hooks": {
              "pre-commit": "lint-staged",
              "pre-push": "lint-staged"
          }
      },
      "lint-staged": {
          "*.{js,ts,tsx}": [
              "yarn lint",
              "yarn prettier"
          ]
      }
  }

yarn manifest: 
  No manifest

Lockfile: 
  # THIS IS AN AUTOGENERATED FILE. DO NOT EDIT THIS FILE DIRECTLY.
  # yarn lockfile v1
  
  
  "@0x/assert@^3.0.19", "@0x/assert@^3.0.9":
    version "3.0.19"
    resolved "https://registry.yarnpkg.com/@0x/assert/-/assert-3.0.19.tgz#a60c81706c72912807a55aab306320a1c711bc88"
    integrity sha512-H0Fj7kSlxmoAZQwCAXcb0uYyddjQSJBXe3eW9bAGlEphjXE6zAuQGN6U51CqGsw8dhcoX79hayAEg+zgvizFcA==
    dependencies:
      "@0x/json-schemas" "^5.3.4"
      "@0x/typescript-typings" "^5.1.6"
      "@0x/utils" "^6.1.1"
      "@types/node" "12.12.54"
      lodash "^4.17.11"
      valid-url "^1.0.9"
  
  "@0x/base-contract@^6.2.13":
    version "6.2.13"
    resolved "https://registry.yarnpkg.com/@0x/base-contract/-/base-contract-6.2.13.tgz#4b10ef021aeeae8782fe9fcc3fe4cdbc32ac702d"
    integrity sha512-aqzHznPaOty9izU5kuDbFZwxu0W6fkWHkz9S7iDNmsF6cHJC8lyYUKwup5ym1JFe6uCTenbgVmjfRw5lu79Ojw==
    dependencies:
      "@0x/assert" "^3.0.19"
      "@0x/json-schemas" "^5.3.4"
      "@0x/utils" "^6.1.1"
      "@0x/web3-wrapper" "^7.2.10"
      "@types/node" "12.12.54"
      ethereumjs-account "^3.0.0"
      ethereumjs-blockstream "^7.0.0"
      ethereumjs-util "^5.1.1"
      ethereumjs-vm "^4.2.0"
      ethers "~4.0.4"
      js-sha3 "^0.7.0"
      uuid "^3.3.2"
  
  "@0x/connect@^6.0.3":
    version "6.0.9"
    resolved "https://registry.yarnpkg.com/@0x/connect/-/connect-6.0.9.tgz#b6d93021ce864ff21df4aa3da845e002d4704e4b"
    integrity sha512-0CV7KxTBu44cprxqHpPPS7JHbNFN2PcxHKMOtvreyexBCn0OFIq3iOx0SRU8b/C+By2ICDn/SgVvmcUSgdxvnA==
    dependencies:
      "@0x/assert" "^3.0.9"
      "@0x/json-schemas" "^5.1.0"
      "@0x/types" "^3.2.0"
      "@0x/typescript-typings" "^5.1.1"
      "@0x/utils" "^5.5.1"
      lodash "^4.17.11"
      query-string "^6.0.0"
      sinon "^4.0.0"
      uuid "^3.3.2"
      websocket "^1.0.26"
  
  "@0x/contract-addresses@^4.2.0":
    version "4.12.0"
    resolved "https://registry.yarnpkg.com/@0x/contract-addresses/-/contract-addresses-4.12.0.tgz#2adb0bcde763ad13437f782adf25c403107ff428"
    integrity sha512-0tHRgb03pbnaCgU2gpzLhedjsxe03CHj5cV/u50NTfKR2AkNxJbkvu+Pi11Qs73pw/G2jBmXik3J/SdkQe1NQA==
  
  "@0x/contract-addresses@^5.5.0":
    version "5.5.0"
    resolved "https://registry.yarnpkg.com/@0x/contract-addresses/-/contract-addresses-5.5.0.tgz#c01ed655c419dd5fbd233b894c49663b794639b8"
    integrity sha512-FdRfNl31/4tg64wpl9BV/1tU+/5zf7hupEliAcOv/Jo+ETPRnvxPqNz2V/MmM4FkbtmOTWK4xwDZYs7G2YYb4Q==
  
  "@0x/contract-wrappers@^13.10.2", "@0x/contract-wrappers@^13.3.0":
    version "13.10.2"
    resolved "https://registry.yarnpkg.com/@0x/contract-wrappers/-/contract-wrappers-13.10.2.tgz#34ed6a3e828fc0f35826b86412c3fb11c468a248"
    integrity sha512-m4/025aFIX1iFDYKN683Q8BEJJBQi/VWAFoXs3Da4m59Jo35nbJHbTCnvKn1r/LWa6xoLPh9wj34zWVWHdainA==
    dependencies:
      "@0x/assert" "^3.0.19"
      "@0x/base-contract" "^6.2.13"
      "@0x/contract-addresses" "^5.5.0"
      "@0x/json-schemas" "^5.3.4"
      "@0x/types" "^3.3.1"
      "@0x/utils" "^6.1.1"
      "@0x/web3-wrapper" "^7.2.10"
      ethereum-types "^3.4.0"
      ethers "~4.0.4"
  
  "@0x/json-schemas@^5.1.0", "@0x/json-schemas@^5.3.4":
    version "5.3.4"
    resolved "https://registry.yarnpkg.com/@0x/json-schemas/-/json-schemas-5.3.4.tgz#1cd43f65436cd4aa959611c65ae7d29472f3ac3e"
    integrity sha512-4ff3a19K3XBjEpc3ld0t4Hb6H1ZNQWS8jxJQpuXtnzWTSzEnXbMs8K+0HxsznxcNWm1HplMCQk3gLkBmqS4zwA==
    dependencies:
      "@0x/typescript-typings" "^5.1.6"
      "@types/node" "12.12.54"
      jsonschema "^1.2.0"
      lodash.values "^4.3.0"
  
  "@0x/order-utils@^10.1.0":
    version "10.4.8"
    resolved "https://registry.yarnpkg.com/@0x/order-utils/-/order-utils-10.4.8.tgz#41270f1c358726e285c0ece8a4f1c32f6feee498"
    integrity sha512-e+/B+TTVxCpTIEFaFvgy+tA0Jb4D1Z8eAAZBImRwYH8nAdnJ+jc0sY9JelTtceKMDt5lZWCpEoG8X3L2YXEZPQ==
    dependencies:
      "@0x/assert" "^3.0.19"
      "@0x/contract-addresses" "^5.5.0"
      "@0x/contract-wrappers" "^13.10.2"
      "@0x/json-schemas" "^5.3.4"
      "@0x/utils" "^6.1.1"
      "@0x/web3-wrapper" "^7.2.10"
      ethereumjs-util "^5.1.1"
      ethers "~4.0.4"
      lodash "^4.17.11"
  
  "@0x/types@^3.1.1", "@0x/types@^3.2.0", "@0x/types@^3.3.0", "@0x/types@^3.3.1":
    version "3.3.1"
    resolved "https://registry.yarnpkg.com/@0x/types/-/types-3.3.1.tgz#24f3f805d89c1235602abbef12bbeb7e92db9d63"
    integrity sha512-QV5oiuW97LTrOxvRznHozkDdMP/7mU5VRT00l7YnE/PwI81Pk6MuO6cGdTvJvlqCu0wpvmKmMpLi/GmI59w/yA==
    dependencies:
      "@types/node" "12.12.54"
      bignumber.js "~9.0.0"
      ethereum-types "^3.4.0"
  
  "@0x/typescript-typings@^5.1.1", "@0x/typescript-typings@^5.1.5", "@0x/typescript-typings@^5.1.6":
    version "5.1.6"
    resolved "https://registry.yarnpkg.com/@0x/typescript-typings/-/typescript-typings-5.1.6.tgz#f6a64c1038930fc822606f543c5bce66c2113141"
    integrity sha512-h7PPkvWgcyq9MEhXaTNQMu7pKkucXx6MQbXvsjTL5InZCfEG815n9w6LWxxRu7jCSYLcQhfeRDAbf3LPd6FZEg==
    dependencies:
      "@types/bn.js" "^4.11.0"
      "@types/node" "12.12.54"
      "@types/react" "*"
      bignumber.js "~9.0.0"
      ethereum-types "^3.4.0"
      popper.js "1.14.3"
  
  "@0x/utils@^5.1.2", "@0x/utils@^5.5.1":
    version "5.6.4"
    resolved "https://registry.yarnpkg.com/@0x/utils/-/utils-5.6.4.tgz#0158ec3243bbee444d90afbd79981321d19ccdfd"
    integrity sha512-VBstWULWGxRbTIMN0QdOthdmZ109LPzPTR3GwbI4svZBizkype/lhRlyCd/B3+qpbpyREAfC8Jn1lUUbk4cwpQ==
    dependencies:
      "@0x/types" "^3.3.0"
      "@0x/typescript-typings" "^5.1.5"
      "@types/node" "12.12.54"
      abortcontroller-polyfill "^1.1.9"
      bignumber.js "~9.0.0"
      chalk "^2.3.0"
      detect-node "2.0.3"
      ethereum-types "^3.3.3"
      ethereumjs-util "^5.1.1"
      ethers "~4.0.4"
      isomorphic-fetch "2.2.1"
      js-sha3 "^0.7.0"
      lodash "^4.17.11"
  
  "@0x/utils@^6.1.1":
    version "6.1.1"
    resolved "https://registry.yarnpkg.com/@0x/utils/-/utils-6.1.1.tgz#bb671283895dd967f912252e10420e02f9562281"
    integrity sha512-L3/MKSGQsD2pWCv394VbSr0IbnkzSEN2JTrnKK/+72YaW1RvAtvbXfTuZ1n7KdU9ymC+YdXH+J2uv62X8OGosA==
    dependencies:
      "@0x/types" "^3.3.1"
      "@0x/typescript-typings" "^5.1.6"
      "@types/node" "12.12.54"
      abortcontroller-polyfill "^1.1.9"
      bignumber.js "~9.0.0"
      chalk "^2.3.0"
      detect-node "2.0.3"
      ethereum-types "^3.4.0"
      ethereumjs-util "^5.1.1"
      ethers "~4.0.4"
      isomorphic-fetch "2.2.1"
      js-sha3 "^0.7.0"
      lodash "^4.17.11"
  
  "@0x/web3-wrapper@^7.0.3", "@0x/web3-wrapper@^7.2.10":
    version "7.2.10"
    resolved "https://registry.yarnpkg.com/@0x/web3-wrapper/-/web3-wrapper-7.2.10.tgz#8d24771917e3d408a13283eca081fe2c0289b9b7"
    integrity sha512-RKq8XiFDbtX89nsZcivVi1OWyyL50wHaou1UHq6/f0b61hqNVNIoBxx5lFP2d9fsDB+cBqNcU+oKxMMObFcruQ==
    dependencies:
      "@0x/assert" "^3.0.19"
      "@0x/json-schemas" "^5.3.4"
      "@0x/typescript-typings" "^5.1.6"
      "@0x/utils" "^6.1.1"
      "@types/node" "12.12.54"
      ethereum-types "^3.4.0"
      ethereumjs-util "^5.1.1"
      ethers "~4.0.4"
      lodash "^4.17.11"
  
  "@derivadex/contract-artifacts@0.0.1":
    version "0.0.1"
    resolved "https://registry.yarnpkg.com/@derivadex/contract-artifacts/-/contract-artifacts-0.0.1.tgz#aa6ab917bede0d10b1c9a70a67abc6b72c76964c"
    integrity sha512-8diu9C+WMhVwDlWjoP9xkLNTE1XEMcx0KjfTr80nIBpCxnVpM2NH4BAQ07pNh++kVvMjNOMiuQzs0Nwy4GMefw==
  
  "@derivadex/contract-wrappers@^0.0.1":
    version "0.0.1"
    resolved "https://registry.yarnpkg.com/@derivadex/contract-wrappers/-/contract-wrappers-0.0.1.tgz#6993abec46c7bd25b3011b9ad9683281ebc27aa5"
    integrity sha512-ib3yErgI8BLpRFQpgz2+1dmNVOuoow+x3wIRL9usMt3tCo+rkiGLemtJBjmHH+lX5QaRNWE/WrsDUjRLqkMUAg==
    dependencies:
      "@0x/connect" "^6.0.3"
      "@0x/contract-addresses" "^4.2.0"
      "@0x/contract-wrappers" "^13.3.0"
      "@0x/order-utils" "^10.1.0"
      "@0x/types" "^3.1.1"
      "@0x/utils" "^5.5.1"
      "@0x/web3-wrapper" "^7.0.3"
      "@derivadex/contract-artifacts" "0.0.1"
      "@derivadex/types" "0.0.1"
      ethereum-types "^3.2.0"
      ethers "4.0.36"
      eventemitter3 "^3.1.2"
      lodash "^4.17.11"
      strict-event-emitter-types "^2.0.0"
      websocket-polyfill "^0.0.3"
      what-the-pack "^2.0.3"
  
  "@derivadex/types@0.0.1":
    version "0.0.1"
    resolved "https://registry.yarnpkg.com/@derivadex/types/-/types-0.0.1.tgz#ec85e4d798ccf4bb7b45fb5591db1a50aafc557c"
    integrity sha512-xsqYp2Dy1OcMayiIpf1BVVz9QS3DGOL97YAI6YUK+MIRQGzR3qH2OpImk61bEKoBVzhR/q8P2tGLcdlQgYOmxg==
    dependencies:
      "@0x/connect" "^6.0.3"
      "@0x/types" "^3.1.1"
      "@0x/utils" "^5.1.2"
      "@types/node" "*"
      connected-react-router "^6.2.2"
      ethereum-types "^3.2.0"
      typescript "^3.9.7"
  
  "@sinonjs/commons@^1", "@sinonjs/commons@^1.3.0", "@sinonjs/commons@^1.7.0":
    version "1.8.1"
    resolved "https://registry.yarnpkg.com/@sinonjs/commons/-/commons-1.8.1.tgz#e7df00f98a203324f6dc7cc606cad9d4a8ab2217"
    integrity sha512-892K+kWUUi3cl+LlqEWIDrhvLgdL79tECi8JZUyq6IviKy/DNhuzCRlbHUjxK89f4ypPMMaFnFuR9Ie6DoIMsw==
    dependencies:
      type-detect "4.0.8"
  
  "@sinonjs/formatio@^2.0.0":
    version "2.0.0"
    resolved "https://registry.yarnpkg.com/@sinonjs/formatio/-/formatio-2.0.0.tgz#84db7e9eb5531df18a8c5e0bfb6e449e55e654b2"
    integrity sha512-ls6CAMA6/5gG+O/IdsBcblvnd8qcO/l1TYoNeAzp3wcISOxlPXQEus0mLcdwazEkWjaBdaJ3TaxmNgCLWwvWzg==
    dependencies:
      samsam "1.3.0"
  
  "@sinonjs/formatio@^3.2.1":
    version "3.2.2"
    resolved "https://registry.yarnpkg.com/@sinonjs/formatio/-/formatio-3.2.2.tgz#771c60dfa75ea7f2d68e3b94c7e888a78781372c"
    integrity sha512-B8SEsgd8gArBLMD6zpRw3juQ2FVSsmdd7qlevyDqzS9WTCtvF55/gAL+h6gue8ZvPYcdiPdvueM/qm//9XzyTQ==
    dependencies:
      "@sinonjs/commons" "^1"
      "@sinonjs/samsam" "^3.1.0"
  
  "@sinonjs/samsam@^3.1.0":
    version "3.3.3"
    resolved "https://registry.yarnpkg.com/@sinonjs/samsam/-/samsam-3.3.3.tgz#46682efd9967b259b81136b9f120fd54585feb4a"
    integrity sha512-bKCMKZvWIjYD0BLGnNrxVuw4dkWCYsLqFOUWw8VgKF/+5Y+mE7LfHWPIYoDXowH+3a9LsWDMo0uAP8YDosPvHQ==
    dependencies:
      "@sinonjs/commons" "^1.3.0"
      array-from "^2.1.1"
      lodash "^4.17.15"
  
  "@sinonjs/text-encoding@^0.7.1":
    version "0.7.1"
    resolved "https://registry.yarnpkg.com/@sinonjs/text-encoding/-/text-encoding-0.7.1.tgz#8da5c6530915653f3a1f38fd5f101d8c3f8079c5"
    integrity sha512-+iTbntw2IZPb/anVDbypzfQa+ay64MW0Zo8aJ8gZPWMMK6/OubMVb6lUPMagqjOPnmtauXnFCACVl3O7ogjeqQ==
  
  "@types/bn.js@^4.11.0", "@types/bn.js@^4.11.3":
    version "4.11.6"
    resolved "https://registry.yarnpkg.com/@types/bn.js/-/bn.js-4.11.6.tgz#c306c70d9358aaea33cd4eda092a742b9505967c"
    integrity sha512-pqr857jrp2kPuO9uRjZ3PwnJTjoQy+fcdxvBTvHm6dkmEL9q+hDD/2j/0ELOBPtPnS8LjCX0gI9nbl8lVkadpg==
    dependencies:
      "@types/node" "*"
  
  "@types/node@*":
    version "14.14.10"
    resolved "https://registry.yarnpkg.com/@types/node/-/node-14.14.10.tgz#5958a82e41863cfc71f2307b3748e3491ba03785"
    integrity sha512-J32dgx2hw8vXrSbu4ZlVhn1Nm3GbeCFNw2FWL8S5QKucHGY0cyNwjdQdO+KMBZ4wpmC7KhLCiNsdk1RFRIYUQQ==
  
  "@types/node@12.12.54":
    version "12.12.54"
    resolved "https://registry.yarnpkg.com/@types/node/-/node-12.12.54.tgz#a4b58d8df3a4677b6c08bfbc94b7ad7a7a5f82d1"
    integrity sha512-ge4xZ3vSBornVYlDnk7yZ0gK6ChHf/CHB7Gl1I0Jhah8DDnEQqBzgohYG4FX4p81TNirSETOiSyn+y1r9/IR6w==
  
  "@types/node@^10.3.2":
    version "10.17.48"
    resolved "https://registry.yarnpkg.com/@types/node/-/node-10.17.48.tgz#726e7f25d00bf58d79c8f00dd586dd9a10d06a4f"
    integrity sha512-Agl6xbYP6FOMDeAsr3QVZ+g7Yzg0uhPHWx0j5g4LFdUBHVtqtU+gH660k/lCEe506jJLOGbEzsnqPDTZGJQLag==
  
  "@types/pbkdf2@^3.0.0":
    version "3.1.0"
    resolved "https://registry.yarnpkg.com/@types/pbkdf2/-/pbkdf2-3.1.0.tgz#039a0e9b67da0cdc4ee5dab865caa6b267bb66b1"
    integrity sha512-Cf63Rv7jCQ0LaL8tNXmEyqTHuIJxRdlS5vMh1mj5voN4+QFhVZnlZruezqpWYDiJ8UTzhP0VmeLXCmBk66YrMQ==
    dependencies:
      "@types/node" "*"
  
  "@types/prop-types@*":
    version "15.7.3"
    resolved "https://registry.yarnpkg.com/@types/prop-types/-/prop-types-15.7.3.tgz#2ab0d5da2e5815f94b0b9d4b95d1e5f243ab2ca7"
    integrity sha512-KfRL3PuHmqQLOG+2tGpRO26Ctg+Cq1E01D2DMriKEATHgWLfeNDmq9e29Q9WIky0dQ3NPkd1mzYH8Lm936Z9qw==
  
  "@types/react@*":
    version "17.0.0"
    resolved "https://registry.yarnpkg.com/@types/react/-/react-17.0.0.tgz#5af3eb7fad2807092f0046a1302b7823e27919b8"
    integrity sha512-aj/L7RIMsRlWML3YB6KZiXB3fV2t41+5RBGYF8z+tAKU43Px8C3cYUZsDvf1/+Bm4FK21QWBrDutu8ZJ/70qOw==
    dependencies:
      "@types/prop-types" "*"
      csstype "^3.0.2"
  
  "@types/secp256k1@^4.0.1":
    version "4.0.1"
    resolved "https://registry.yarnpkg.com/@types/secp256k1/-/secp256k1-4.0.1.tgz#fb3aa61a1848ad97d7425ff9dcba784549fca5a4"
    integrity sha512-+ZjSA8ELlOp8SlKi0YLB2tz9d5iPNEmOBd+8Rz21wTMdaXQIa9b6TEnD6l5qKOCypE7FSyPyck12qZJxSDNoog==
    dependencies:
      "@types/node" "*"
  
  abortcontroller-polyfill@^1.1.9:
    version "1.5.0"
    resolved "https://registry.yarnpkg.com/abortcontroller-polyfill/-/abortcontroller-polyfill-1.5.0.tgz#2c562f530869abbcf88d949a2b60d1d402e87a7c"
    integrity sha512-O6Xk757Jb4o0LMzMOMdWvxpHWrQzruYBaUruFaIOfAQRnWFxfdXYobw12jrVHGtoXk6WiiyYzc0QWN9aL62HQA==
  
  abstract-leveldown@^5.0.0, abstract-leveldown@~5.0.0:
    version "5.0.0"
    resolved "https://registry.yarnpkg.com/abstract-leveldown/-/abstract-leveldown-5.0.0.tgz#f7128e1f86ccabf7d2893077ce5d06d798e386c6"
    integrity sha512-5mU5P1gXtsMIXg65/rsYGsi93+MlogXZ9FA8JnwKurHQg64bfXwGYVdVdijNTVNOlAsuIiOwHdvFFD5JqCJQ7A==
    dependencies:
      xtend "~4.0.0"
  
  abstract-leveldown@~2.6.0:
    version "2.6.3"
    resolved "https://registry.yarnpkg.com/abstract-leveldown/-/abstract-leveldown-2.6.3.tgz#1c5e8c6a5ef965ae8c35dfb3a8770c476b82c4b8"
    integrity sha512-2++wDf/DYqkPR3o5tbfdhF96EfMApo1GpPfzOsR/ZYXdkSmELlvOOEAl9iKkRsktMPHdGjO4rtkBpf2I7TiTeA==
    dependencies:
      xtend "~4.0.0"
  
  abstract-leveldown@~2.7.1:
    version "2.7.2"
    resolved "https://registry.yarnpkg.com/abstract-leveldown/-/abstract-leveldown-2.7.2.tgz#87a44d7ebebc341d59665204834c8b7e0932cc93"
    integrity sha512-+OVvxH2rHVEhWLdbudP6p0+dNMXu8JA1CbhP19T8paTYAcX7oJ4OVjT+ZUVpv7mITxXHqDMej+GdqXBmXkw09w==
    dependencies:
      xtend "~4.0.0"
  
  aes-js@3.0.0:
    version "3.0.0"
    resolved "https://registry.yarnpkg.com/aes-js/-/aes-js-3.0.0.tgz#e21df10ad6c2053295bcbb8dab40b09dbea87e4d"
    integrity sha1-4h3xCtbCBTKVvLuNq0Cwnb6ofk0=
  
  ansi-styles@^3.2.1:
    version "3.2.1"
    resolved "https://registry.yarnpkg.com/ansi-styles/-/ansi-styles-3.2.1.tgz#41fbb20243e50b12be0f04b8dedbf07520ce841d"
    integrity sha512-VT0ZI6kZRdTh8YyJw3SMbYm/u+NqfsAxEpWO0Pf9sq8/e94WxxOpPKx9FR1FlyCtOVDNOQ+8ntlqFxiRc+r5qA==
    dependencies:
      color-convert "^1.9.0"
  
  array-from@^2.1.1:
    version "2.1.1"
    resolved "https://registry.yarnpkg.com/array-from/-/array-from-2.1.1.tgz#cfe9d8c26628b9dc5aecc62a9f5d8f1f352c1195"
    integrity sha1-z+nYwmYoudxa7MYqn12PHzUsEZU=
  
  async-eventemitter@^0.2.2:
    version "0.2.4"
    resolved "https://registry.yarnpkg.com/async-eventemitter/-/async-eventemitter-0.2.4.tgz#f5e7c8ca7d3e46aab9ec40a292baf686a0bafaca"
    integrity sha512-pd20BwL7Yt1zwDFy+8MX8F1+WCT8aQeKj0kQnTrH9WaeRETlRamVhD0JtRPmrV4GfOJ2F9CvdQkZeZhnh2TuHw==
    dependencies:
      async "^2.4.0"
  
  async@^1.4.2:
    version "1.5.2"
    resolved "https://registry.yarnpkg.com/async/-/async-1.5.2.tgz#ec6a61ae56480c0c3cb241c95618e20892f9672a"
    integrity sha1-7GphrlZIDAw8skHJVhjiCJL5Zyo=
  
  async@^2.0.1, async@^2.1.2, async@^2.4.0, async@^2.6.1:
    version "2.6.3"
    resolved "https://registry.yarnpkg.com/async/-/async-2.6.3.tgz#d72625e2344a3656e3a3ad4fa749fa83299d82ff"
    integrity sha512-zflvls11DCy+dQWzTW2dzuilv8Z5X/pjfmZOWba6TNIVDm+2UDaJmXSOXlasHKfNBs8oo3M0aT50fDEWfKZjXg==
    dependencies:
      lodash "^4.17.14"
  
  base-x@^3.0.2:
    version "3.0.8"
    resolved "https://registry.yarnpkg.com/base-x/-/base-x-3.0.8.tgz#1e1106c2537f0162e8b52474a557ebb09000018d"
    integrity sha512-Rl/1AWP4J/zRrk54hhlxH4drNxPJXYUaKffODVI53/dAsV4t9fBxyxYKAVPU1XBHxYwOWP9h9H0hM2MVw4YfJA==
    dependencies:
      safe-buffer "^5.0.1"
  
  base64-js@^1.3.1:
    version "1.5.1"
    resolved "https://registry.yarnpkg.com/base64-js/-/base64-js-1.5.1.tgz#1b1b440160a5bf7ad40b650f095963481903930a"
    integrity sha512-AKpaYlHn8t4SVbOHCy+b5+KKgvR4vrsD8vbvrbiQJps7fKDTkjkDry6ji0rUJjC0kzbNePLwzxq8iypo41qeWA==
  
  bignumber.js@~9.0.0:
    version "9.0.1"
    resolved "https://registry.yarnpkg.com/bignumber.js/-/bignumber.js-9.0.1.tgz#8d7ba124c882bfd8e43260c67475518d0689e4e5"
    integrity sha512-IdZR9mh6ahOBv/hYGiXyVuyCetmGJhtYkqLBpTStdhEGjegpPlUawydyaF3pbIOFynJTpllEs+NP+CS9jKFLjA==
  
  blakejs@^1.1.0:
    version "1.1.0"
    resolved "https://registry.yarnpkg.com/blakejs/-/blakejs-1.1.0.tgz#69df92ef953aa88ca51a32df6ab1c54a155fc7a5"
    integrity sha1-ad+S75U6qIylGjLfarHFShVfx6U=
  
  bn.js@^4.0.0, bn.js@^4.11.0, bn.js@^4.11.1, bn.js@^4.4.0:
    version "4.11.9"
    resolved "https://registry.yarnpkg.com/bn.js/-/bn.js-4.11.9.tgz#26d556829458f9d1e81fc48952493d0ba3507828"
    integrity sha512-E6QoYqCKZfgatHTdHzs1RRKP7ip4vvm+EyRUeE2RF0NblwVvb0p6jSVeNTOFxPn26QXN2o6SMfNxKp6kU8zQaw==
  
  bn.js@^5.1.2:
    version "5.1.3"
    resolved "https://registry.yarnpkg.com/bn.js/-/bn.js-5.1.3.tgz#beca005408f642ebebea80b042b4d18d2ac0ee6b"
    integrity sha512-GkTiFpjFtUzU9CbMeJ5iazkCzGL3jrhzerzZIuqLABjbwRaFt33I9tUdSNryIptM+RxDet6OKm2WnLXzW51KsQ==
  
  brorand@^1.0.1:
    version "1.1.0"
    resolved "https://registry.yarnpkg.com/brorand/-/brorand-1.1.0.tgz#12c25efe40a45e3c323eb8675a0a0ce57b22371f"
    integrity sha1-EsJe/kCkXjwyPrhnWgoM5XsiNx8=
  
  browserify-aes@^1.2.0:
    version "1.2.0"
    resolved "https://registry.yarnpkg.com/browserify-aes/-/browserify-aes-1.2.0.tgz#326734642f403dabc3003209853bb70ad428ef48"
    integrity sha512-+7CHXqGuspUn/Sl5aO7Ea0xWGAtETPXNSAjHo48JfLdPWcMng33Xe4znFvQweqc/uzk5zSOI3H52CYnjCfb5hA==
    dependencies:
      buffer-xor "^1.0.3"
      cipher-base "^1.0.0"
      create-hash "^1.1.0"
      evp_bytestokey "^1.0.3"
      inherits "^2.0.1"
      safe-buffer "^5.0.1"
  
  bs58@^4.0.0:
    version "4.0.1"
    resolved "https://registry.yarnpkg.com/bs58/-/bs58-4.0.1.tgz#be161e76c354f6f788ae4071f63f34e8c4f0a42a"
    integrity sha1-vhYedsNU9veIrkBx9j806MTwpCo=
    dependencies:
      base-x "^3.0.2"
  
  bs58check@^2.1.2:
    version "2.1.2"
    resolved "https://registry.yarnpkg.com/bs58check/-/bs58check-2.1.2.tgz#53b018291228d82a5aa08e7d796fdafda54aebfc"
    integrity sha512-0TS1jicxdU09dwJMNZtVAfzPi6Q6QeN0pM1Fkzrjn+XYHvzMKPU3pHVpva+769iNVSfIYWf7LJ6WR+BuuMf8cA==
    dependencies:
      bs58 "^4.0.0"
      create-hash "^1.1.0"
      safe-buffer "^5.1.2"
  
  buffer-from@^1.0.0:
    version "1.1.1"
    resolved "https://registry.yarnpkg.com/buffer-from/-/buffer-from-1.1.1.tgz#32713bc028f75c02fdb710d7c7bcec1f2c6070ef"
    integrity sha512-MQcXEUbCKtEo7bhqEs6560Hyd4XaovZlO/k9V3hjVUF/zwW7KBVdSK4gIt/bzwS9MbR5qob+F5jusZsb0YQK2A==
  
  buffer-xor@^1.0.3:
    version "1.0.3"
    resolved "https://registry.yarnpkg.com/buffer-xor/-/buffer-xor-1.0.3.tgz#26e61ed1422fb70dd42e6e36729ed51d855fe8d9"
    integrity sha1-JuYe0UIvtw3ULm42cp7VHYVf6Nk=
  
  buffer-xor@^2.0.1:
    version "2.0.2"
    resolved "https://registry.yarnpkg.com/buffer-xor/-/buffer-xor-2.0.2.tgz#34f7c64f04c777a1f8aac5e661273bb9dd320289"
    integrity sha512-eHslX0bin3GB+Lx2p7lEYRShRewuNZL3fUl4qlVJGGiwoPGftmt8JQgk2Y9Ji5/01TnVDo33E5b5O3vUB1HdqQ==
    dependencies:
      safe-buffer "^5.1.1"
  
  buffer@^5.2.1, buffer@^5.6.0:
    version "5.7.1"
    resolved "https://registry.yarnpkg.com/buffer/-/buffer-5.7.1.tgz#ba62e7c13133053582197160851a8f648e99eed0"
    integrity sha512-EHcyIPBQ4BSGlvjB16k5KgAJ27CIsHY/2JBmCRReo48y9rQ3MaUzWX3KVlBa4U7MyX02HdVj0K7C3WaB3ju7FQ==
    dependencies:
      base64-js "^1.3.1"
      ieee754 "^1.1.13"
  
  bufferutil@^4.0.1:
    version "4.0.2"
    resolved "https://registry.yarnpkg.com/bufferutil/-/bufferutil-4.0.2.tgz#79f68631910f6b993d870fc77dc0a2894eb96cd5"
    integrity sha512-AtnG3W6M8B2n4xDQ5R+70EXvOpnXsFYg/AK2yTZd+HQ/oxAdz+GI+DvjmhBw3L0ole+LJ0ngqY4JMbDzkfNzhA==
    dependencies:
      node-gyp-build "^4.2.0"
  
  call-bind@^1.0.0:
    version "1.0.0"
    resolved "https://registry.yarnpkg.com/call-bind/-/call-bind-1.0.0.tgz#24127054bb3f9bdcb4b1fb82418186072f77b8ce"
    integrity sha512-AEXsYIyyDY3MCzbwdhzG3Jx1R0J2wetQyUynn6dYHAO+bg8l1k7jwZtRv4ryryFs7EP+NDlikJlVe59jr0cM2w==
    dependencies:
      function-bind "^1.1.1"
      get-intrinsic "^1.0.0"
  
  chalk@^2.3.0:
    version "2.4.2"
    resolved "https://registry.yarnpkg.com/chalk/-/chalk-2.4.2.tgz#cd42541677a54333cf541a49108c1432b44c9424"
    integrity sha512-Mti+f9lpJNcwF4tWV8/OrTTtF1gZi+f8FqlyAdouralcFWFQWF2+NgCHShjkCb+IFBLq9buZwE1xckQU4peSuQ==
    dependencies:
      ansi-styles "^3.2.1"
      escape-string-regexp "^1.0.5"
      supports-color "^5.3.0"
  
  checkpoint-store@^1.1.0:
    version "1.1.0"
    resolved "https://registry.yarnpkg.com/checkpoint-store/-/checkpoint-store-1.1.0.tgz#04e4cb516b91433893581e6d4601a78e9552ea06"
    integrity sha1-BOTLUWuRQziTWB5tRgGnjpVS6gY=
    dependencies:
      functional-red-black-tree "^1.0.1"
  
  cipher-base@^1.0.0, cipher-base@^1.0.1, cipher-base@^1.0.3:
    version "1.0.4"
    resolved "https://registry.yarnpkg.com/cipher-base/-/cipher-base-1.0.4.tgz#8760e4ecc272f4c363532f926d874aae2c1397de"
    integrity sha512-Kkht5ye6ZGmwv40uUDZztayT2ThLQGfnj/T71N/XzeZeo3nf8foyW7zGTsPYkEya3m5f3cAypH+qe7YOrM1U2Q==
    dependencies:
      inherits "^2.0.1"
      safe-buffer "^5.0.1"
  
  color-convert@^1.9.0:
    version "1.9.3"
    resolved "https://registry.yarnpkg.com/color-convert/-/color-convert-1.9.3.tgz#bb71850690e1f136567de629d2d5471deda4c1e8"
    integrity sha512-QfAUtd+vFdAtFQcC8CCyYt1fYWxSqAiK2cSD6zDB8N3cpsEBAvRxp9zOGg6G/SHHJYAT88/az/IuDGALsNVbGg==
    dependencies:
      color-name "1.1.3"
  
  color-name@1.1.3:
    version "1.1.3"
    resolved "https://registry.yarnpkg.com/color-name/-/color-name-1.1.3.tgz#a7d0558bd89c42f795dd42328f740831ca53bc25"
    integrity sha1-p9BVi9icQveV3UIyj3QIMcpTvCU=
  
  connected-react-router@^6.2.2:
    version "6.8.0"
    resolved "https://registry.yarnpkg.com/connected-react-router/-/connected-react-router-6.8.0.tgz#ddc687b31d498322445d235d660798489fa56cae"
    integrity sha512-E64/6krdJM3Ag3MMmh2nKPtMbH15s3JQDuaYJvOVXzu6MbHbDyIvuwLOyhQIuP4Om9zqEfZYiVyflROibSsONg==
    dependencies:
      prop-types "^15.7.2"
  
  core-js-pure@^3.0.1:
    version "3.8.0"
    resolved "https://registry.yarnpkg.com/core-js-pure/-/core-js-pure-3.8.0.tgz#4cdd2eca37d49cda206b66e26204818dba77884a"
    integrity sha512-fRjhg3NeouotRoIV0L1FdchA6CK7ZD+lyINyMoz19SyV+ROpC4noS1xItWHFtwZdlqfMfVPJEyEGdfri2bD1pA==
  
  core-util-is@~1.0.0:
    version "1.0.2"
    resolved "https://registry.yarnpkg.com/core-util-is/-/core-util-is-1.0.2.tgz#b5fd54220aa2bc5ab57aab7140c940754503c1a7"
    integrity sha1-tf1UIgqivFq1eqtxQMlAdUUDwac=
  
  create-hash@^1.1.0, create-hash@^1.1.2, create-hash@^1.2.0:
    version "1.2.0"
    resolved "https://registry.yarnpkg.com/create-hash/-/create-hash-1.2.0.tgz#889078af11a63756bcfb59bd221996be3a9ef196"
    integrity sha512-z00bCGNHDG8mHAkP7CtT1qVu+bFQUPjYq/4Iv3C3kWjTFV10zIjfSoeqXo9Asws8gwSHDGj/hl2u4OGIjapeCg==
    dependencies:
      cipher-base "^1.0.1"
      inherits "^2.0.1"
      md5.js "^1.3.4"
      ripemd160 "^2.0.1"
      sha.js "^2.4.0"
  
  create-hmac@^1.1.4, create-hmac@^1.1.7:
    version "1.1.7"
    resolved "https://registry.yarnpkg.com/create-hmac/-/create-hmac-1.1.7.tgz#69170c78b3ab957147b2b8b04572e47ead2243ff"
    integrity sha512-MJG9liiZ+ogc4TzUwuvbER1JRdgvUFSB5+VR/g5h82fGaIRWMWddtKBHi7/sVhfjQZ6SehlyhvQYrcYkaUIpLg==
    dependencies:
      cipher-base "^1.0.3"
      create-hash "^1.1.0"
      inherits "^2.0.1"
      ripemd160 "^2.0.0"
      safe-buffer "^5.0.1"
      sha.js "^2.4.8"
  
  csstype@^3.0.2:
    version "3.0.5"
    resolved "https://registry.yarnpkg.com/csstype/-/csstype-3.0.5.tgz#7fdec6a28a67ae18647c51668a9ff95bb2fa7bb8"
    integrity sha512-uVDi8LpBUKQj6sdxNaTetL6FpeCqTjOvAQuQUa/qAqq8oOd4ivkbhgnqayl0dnPal8Tb/yB1tF+gOvCBiicaiQ==
  
  d@1, d@^1.0.1:
    version "1.0.1"
    resolved "https://registry.yarnpkg.com/d/-/d-1.0.1.tgz#8698095372d58dbee346ffd0c7093f99f8f9eb5a"
    integrity sha512-m62ShEObQ39CfralilEQRjH6oAMtNCV1xJyEx5LpRYUVN+EviphDgUc/F3hnYbADmkiNs67Y+3ylmlG7Lnu+FA==
    dependencies:
      es5-ext "^0.10.50"
      type "^1.0.1"
  
  debug@^2.2.0:
    version "2.6.9"
    resolved "https://registry.yarnpkg.com/debug/-/debug-2.6.9.tgz#5d128515df134ff327e90a4c93f4e077a536341f"
    integrity sha512-bC7ElrdJaJnPbAP+1EotYvqZsb3ecl5wi6Bfi6BJTUcNowp6cvspg0jXznRTKDjm/E7AdgFBVeAPVMNcKGsHMA==
    dependencies:
      ms "2.0.0"
  
  decode-uri-component@^0.2.0:
    version "0.2.0"
    resolved "https://registry.yarnpkg.com/decode-uri-component/-/decode-uri-component-0.2.0.tgz#eb3913333458775cb84cd1a1fae062106bb87545"
    integrity sha1-6zkTMzRYd1y4TNGh+uBiEGu4dUU=
  
  deferred-leveldown@~1.2.1:
    version "1.2.2"
    resolved "https://registry.yarnpkg.com/deferred-leveldown/-/deferred-leveldown-1.2.2.tgz#3acd2e0b75d1669924bc0a4b642851131173e1eb"
    integrity sha512-uukrWD2bguRtXilKt6cAWKyoXrTSMo5m7crUdLfWQmu8kIm88w3QZoUL+6nhpfKVmhHANER6Re3sKoNoZ3IKMA==
    dependencies:
      abstract-leveldown "~2.6.0"
  
  deferred-leveldown@~4.0.0:
    version "4.0.2"
    resolved "https://registry.yarnpkg.com/deferred-leveldown/-/deferred-leveldown-4.0.2.tgz#0b0570087827bf480a23494b398f04c128c19a20"
    integrity sha512-5fMC8ek8alH16QiV0lTCis610D1Zt1+LA4MS4d63JgS32lrCjTFDUFz2ao09/j2I4Bqb5jL4FZYwu7Jz0XO1ww==
    dependencies:
      abstract-leveldown "~5.0.0"
      inherits "^2.0.3"
  
  define-properties@^1.1.3:
    version "1.1.3"
    resolved "https://registry.yarnpkg.com/define-properties/-/define-properties-1.1.3.tgz#cf88da6cbee26fe6db7094f61d870cbd84cee9f1"
    integrity sha512-3MqfYKj2lLzdMSf8ZIZE/V+Zuy+BgD6f164e8K2w7dgnpKArBDerGYpM46IYYcjnkdPNMjPk9A6VFB8+3SKlXQ==
    dependencies:
      object-keys "^1.0.12"
  
  detect-node@2.0.3:
    version "2.0.3"
    resolved "https://registry.yarnpkg.com/detect-node/-/detect-node-2.0.3.tgz#a2033c09cc8e158d37748fbde7507832bd6ce127"
    integrity sha1-ogM8CcyOFY03dI+951B4Mr1s4Sc=
  
  diff@^3.1.0:
    version "3.5.0"
    resolved "https://registry.yarnpkg.com/diff/-/diff-3.5.0.tgz#800c0dd1e0a8bfbc95835c202ad220fe317e5a12"
    integrity sha512-A46qtFgd+g7pDZinpnwiRJtxbC1hpgf0uzP3iG89scHk0AUC7A1TGxf5OiiOUv/JMZR8GOt8hL900hV0bOy5xA==
  
  elliptic@6.3.3:
    version "6.3.3"
    resolved "https://registry.yarnpkg.com/elliptic/-/elliptic-6.3.3.tgz#5482d9646d54bcb89fd7d994fc9e2e9568876e3f"
    integrity sha1-VILZZG1UvLif19mU/J4ulWiHbj8=
    dependencies:
      bn.js "^4.4.0"
      brorand "^1.0.1"
      hash.js "^1.0.0"
      inherits "^2.0.1"
  
  elliptic@6.5.3, elliptic@^6.5.2:
    version "6.5.3"
    resolved "https://registry.yarnpkg.com/elliptic/-/elliptic-6.5.3.tgz#cb59eb2efdaf73a0bd78ccd7015a62ad6e0f93d6"
    integrity sha512-IMqzv5wNQf+E6aHeIqATs0tOLeOTwj1QKbRcS3jBbYkl5oLAserA8yJTT7/VyHUYG91PRmPyeQDObKLPpeS4dw==
    dependencies:
      bn.js "^4.4.0"
      brorand "^1.0.1"
      hash.js "^1.0.0"
      hmac-drbg "^1.0.0"
      inherits "^2.0.1"
      minimalistic-assert "^1.0.0"
      minimalistic-crypto-utils "^1.0.0"
  
  encoding-down@~5.0.0:
    version "5.0.4"
    resolved "https://registry.yarnpkg.com/encoding-down/-/encoding-down-5.0.4.tgz#1e477da8e9e9d0f7c8293d320044f8b2cd8e9614"
    integrity sha512-8CIZLDcSKxgzT+zX8ZVfgNbu8Md2wq/iqa1Y7zyVR18QBEAc0Nmzuvj/N5ykSKpfGzjM8qxbaFntLPwnVoUhZw==
    dependencies:
      abstract-leveldown "^5.0.0"
      inherits "^2.0.3"
      level-codec "^9.0.0"
      level-errors "^2.0.0"
      xtend "^4.0.1"
  
  encoding@^0.1.11:
    version "0.1.13"
    resolved "https://registry.yarnpkg.com/encoding/-/encoding-0.1.13.tgz#56574afdd791f54a8e9b2785c0582a2d26210fa9"
    integrity sha512-ETBauow1T35Y/WZMkio9jiM0Z5xjHHmJ4XmjZOq1l/dXz3lr2sRn87nJy20RupqSh1F2m3HHPSp8ShIPQJrJ3A==
    dependencies:
      iconv-lite "^0.6.2"
  
  errno@~0.1.1:
    version "0.1.7"
    resolved "https://registry.yarnpkg.com/errno/-/errno-0.1.7.tgz#4684d71779ad39af177e3f007996f7c67c852618"
    integrity sha512-MfrRBDWzIWifgq6tJj60gkAwtLNb6sQPlcFrSOflcP1aFmmruKQ2wRnze/8V6kgyz7H3FF8Npzv78mZ7XLLflg==
    dependencies:
      prr "~1.0.1"
  
  es-abstract@^1.17.2:
    version "1.17.7"
    resolved "https://registry.yarnpkg.com/es-abstract/-/es-abstract-1.17.7.tgz#a4de61b2f66989fc7421676c1cb9787573ace54c"
    integrity sha512-VBl/gnfcJ7OercKA9MVaegWsBHFjV492syMudcnQZvt/Dw8ezpcOHYZXa/J96O8vx+g4x65YKhxOwDUh63aS5g==
    dependencies:
      es-to-primitive "^1.2.1"
      function-bind "^1.1.1"
      has "^1.0.3"
      has-symbols "^1.0.1"
      is-callable "^1.2.2"
      is-regex "^1.1.1"
      object-inspect "^1.8.0"
      object-keys "^1.1.1"
      object.assign "^4.1.1"
      string.prototype.trimend "^1.0.1"
      string.prototype.trimstart "^1.0.1"
  
  es-abstract@^1.18.0-next.1:
    version "1.18.0-next.1"
    resolved "https://registry.yarnpkg.com/es-abstract/-/es-abstract-1.18.0-next.1.tgz#6e3a0a4bda717e5023ab3b8e90bec36108d22c68"
    integrity sha512-I4UGspA0wpZXWENrdA0uHbnhte683t3qT/1VFH9aX2dA5PPSf6QW5HHXf5HImaqPmjXaVeVk4RGWnaylmV7uAA==
    dependencies:
      es-to-primitive "^1.2.1"
      function-bind "^1.1.1"
      has "^1.0.3"
      has-symbols "^1.0.1"
      is-callable "^1.2.2"
      is-negative-zero "^2.0.0"
      is-regex "^1.1.1"
      object-inspect "^1.8.0"
      object-keys "^1.1.1"
      object.assign "^4.1.1"
      string.prototype.trimend "^1.0.1"
      string.prototype.trimstart "^1.0.1"
  
  es-to-primitive@^1.2.1:
    version "1.2.1"
    resolved "https://registry.yarnpkg.com/es-to-primitive/-/es-to-primitive-1.2.1.tgz#e55cd4c9cdc188bcefb03b366c736323fc5c898a"
    integrity sha512-QCOllgZJtaUo9miYBcLChTUaHNjJF3PYs1VidD7AwiEj1kYxKeQTctLAezAOH5ZKRH0g2IgPn6KwB4IT8iRpvA==
    dependencies:
      is-callable "^1.1.4"
      is-date-object "^1.0.1"
      is-symbol "^1.0.2"
  
  es5-ext@^0.10.35, es5-ext@^0.10.50:
    version "0.10.53"
    resolved "https://registry.yarnpkg.com/es5-ext/-/es5-ext-0.10.53.tgz#93c5a3acfdbef275220ad72644ad02ee18368de1"
    integrity sha512-Xs2Stw6NiNHWypzRTY1MtaG/uJlwCk8kH81920ma8mvN8Xq1gsfhZvpkImLQArw8AHnv8MT2I45J3c0R8slE+Q==
    dependencies:
      es6-iterator "~2.0.3"
      es6-symbol "~3.1.3"
      next-tick "~1.0.0"
  
  es6-iterator@~2.0.3:
    version "2.0.3"
    resolved "https://registry.yarnpkg.com/es6-iterator/-/es6-iterator-2.0.3.tgz#a7de889141a05a94b0854403b2d0a0fbfa98f3b7"
    integrity sha1-p96IkUGgWpSwhUQDstCg+/qY87c=
    dependencies:
      d "1"
      es5-ext "^0.10.35"
      es6-symbol "^3.1.1"
  
  es6-symbol@^3.1.1, es6-symbol@~3.1.3:
    version "3.1.3"
    resolved "https://registry.yarnpkg.com/es6-symbol/-/es6-symbol-3.1.3.tgz#bad5d3c1bcdac28269f4cb331e431c78ac705d18"
    integrity sha512-NJ6Yn3FuDinBaBRWl/q5X/s4koRHBrgKAu+yGI6JCBeiu3qrcbJhwT2GeR/EXVfylRk8dpQVJoLEFhK+Mu31NA==
    dependencies:
      d "^1.0.1"
      ext "^1.1.2"
  
  escape-string-regexp@^1.0.5:
    version "1.0.5"
    resolved "https://registry.yarnpkg.com/escape-string-regexp/-/escape-string-regexp-1.0.5.tgz#1b61c0562190a8dff6ae3bb2cf0200ca130b86d4"
    integrity sha1-G2HAViGQqN/2rjuyzwIAyhMLhtQ=
  
  ethashjs@~0.0.7:
    version "0.0.8"
    resolved "https://registry.yarnpkg.com/ethashjs/-/ethashjs-0.0.8.tgz#227442f1bdee409a548fb04136e24c874f3aa6f9"
    integrity sha512-/MSbf/r2/Ld8o0l15AymjOTlPqpN8Cr4ByUEA9GtR4x0yAh3TdtDzEg29zMjXCNPI7u6E5fOQdj/Cf9Tc7oVNw==
    dependencies:
      async "^2.1.2"
      buffer-xor "^2.0.1"
      ethereumjs-util "^7.0.2"
      miller-rabin "^4.0.0"
  
  ethereum-cryptography@^0.1.3:
    version "0.1.3"
    resolved "https://registry.yarnpkg.com/ethereum-cryptography/-/ethereum-cryptography-0.1.3.tgz#8d6143cfc3d74bf79bbd8edecdf29e4ae20dd191"
    integrity sha512-w8/4x1SGGzc+tO97TASLja6SLd3fRIK2tLVcV2Gx4IB21hE19atll5Cq9o3d0ZmAYC/8aw0ipieTSiekAea4SQ==
    dependencies:
      "@types/pbkdf2" "^3.0.0"
      "@types/secp256k1" "^4.0.1"
      blakejs "^1.1.0"
      browserify-aes "^1.2.0"
      bs58check "^2.1.2"
      create-hash "^1.2.0"
      create-hmac "^1.1.7"
      hash.js "^1.1.7"
      keccak "^3.0.0"
      pbkdf2 "^3.0.17"
      randombytes "^2.1.0"
      safe-buffer "^5.1.2"
      scrypt-js "^3.0.0"
      secp256k1 "^4.0.1"
      setimmediate "^1.0.5"
  
  ethereum-types@^3.2.0, ethereum-types@^3.3.3, ethereum-types@^3.4.0:
    version "3.4.0"
    resolved "https://registry.yarnpkg.com/ethereum-types/-/ethereum-types-3.4.0.tgz#866091997c052db6a075e01e857bbfa04ca9e28b"
    integrity sha512-+UIfqiS/HbQTjww7/bmkz1DI4D4Brw2R/NLsEcT2Gm8ilHgmJZAEzhp3c/J3h5+j1RnyqsAmNH9cRc8hdIeRsQ==
    dependencies:
      "@types/node" "12.12.54"
      bignumber.js "~9.0.0"
  
  ethereumjs-account@^3.0.0:
    version "3.0.0"
    resolved "https://registry.yarnpkg.com/ethereumjs-account/-/ethereumjs-account-3.0.0.tgz#728f060c8e0c6e87f1e987f751d3da25422570a9"
    integrity sha512-WP6BdscjiiPkQfF9PVfMcwx/rDvfZTjFKY0Uwc09zSQr9JfIVH87dYIJu0gNhBhpmovV4yq295fdllS925fnBA==
    dependencies:
      ethereumjs-util "^6.0.0"
      rlp "^2.2.1"
      safe-buffer "^5.1.1"
  
  ethereumjs-block@^2.2.2, ethereumjs-block@~2.2.2:
    version "2.2.2"
    resolved "https://registry.yarnpkg.com/ethereumjs-block/-/ethereumjs-block-2.2.2.tgz#c7654be7e22df489fda206139ecd63e2e9c04965"
    integrity sha512-2p49ifhek3h2zeg/+da6XpdFR3GlqY3BIEiqxGF8j9aSRIgkb7M1Ky+yULBKJOu8PAZxfhsYA+HxUk2aCQp3vg==
    dependencies:
      async "^2.0.1"
      ethereumjs-common "^1.5.0"
      ethereumjs-tx "^2.1.1"
      ethereumjs-util "^5.0.0"
      merkle-patricia-tree "^2.1.2"
  
  ethereumjs-blockchain@^4.0.3:
    version "4.0.4"
    resolved "https://registry.yarnpkg.com/ethereumjs-blockchain/-/ethereumjs-blockchain-4.0.4.tgz#30f2228dc35f6dcf94423692a6902604ae34960f"
    integrity sha512-zCxaRMUOzzjvX78DTGiKjA+4h2/sF0OYL1QuPux0DHpyq8XiNoF5GYHtb++GUxVlMsMfZV7AVyzbtgcRdIcEPQ==
    dependencies:
      async "^2.6.1"
      ethashjs "~0.0.7"
      ethereumjs-block "~2.2.2"
      ethereumjs-common "^1.5.0"
      ethereumjs-util "^6.1.0"
      flow-stoplight "^1.0.0"
      level-mem "^3.0.1"
      lru-cache "^5.1.1"
      rlp "^2.2.2"
      semaphore "^1.1.0"
  
  ethereumjs-blockstream@^7.0.0:
    version "7.0.0"
    resolved "https://registry.yarnpkg.com/ethereumjs-blockstream/-/ethereumjs-blockstream-7.0.0.tgz#b8d7b6257dd1100bc6ddb36d6bef58c2490f9999"
    integrity sha512-lt3uLKDEfNHEqqnl/+W0aC7xp2y7JEsgZsJMZ958CNrYIJH9tZ7oa8npwV2M0KhGlfzmJsyJIpvV/Lvb2mh0tA==
    dependencies:
      immutable "3.8.2"
      source-map-support "0.5.6"
      uuid "3.2.1"
  
  ethereumjs-common@^1.5.0:
    version "1.5.2"
    resolved "https://registry.yarnpkg.com/ethereumjs-common/-/ethereumjs-common-1.5.2.tgz#2065dbe9214e850f2e955a80e650cb6999066979"
    integrity sha512-hTfZjwGX52GS2jcVO6E2sx4YuFnf0Fhp5ylo4pEPhEffNln7vS59Hr5sLnp3/QCazFLluuBZ+FZ6J5HTp0EqCA==
  
  ethereumjs-tx@^2.1.1, ethereumjs-tx@^2.1.2:
    version "2.1.2"
    resolved "https://registry.yarnpkg.com/ethereumjs-tx/-/ethereumjs-tx-2.1.2.tgz#5dfe7688bf177b45c9a23f86cf9104d47ea35fed"
    integrity sha512-zZEK1onCeiORb0wyCXUvg94Ve5It/K6GD1K+26KfFKodiBiS6d9lfCXlUKGBBdQ+bv7Day+JK0tj1K+BeNFRAw==
    dependencies:
      ethereumjs-common "^1.5.0"
      ethereumjs-util "^6.0.0"
  
  ethereumjs-util@^5.0.0, ethereumjs-util@^5.1.1:
    version "5.2.1"
    resolved "https://registry.yarnpkg.com/ethereumjs-util/-/ethereumjs-util-5.2.1.tgz#a833f0e5fca7e5b361384dc76301a721f537bf65"
    integrity sha512-v3kT+7zdyCm1HIqWlLNrHGqHGLpGYIhjeHxQjnDXjLT2FyGJDsd3LWMYUo7pAFRrk86CR3nUJfhC81CCoJNNGQ==
    dependencies:
      bn.js "^4.11.0"
      create-hash "^1.1.2"
      elliptic "^6.5.2"
      ethereum-cryptography "^0.1.3"
      ethjs-util "^0.1.3"
      rlp "^2.0.0"
      safe-buffer "^5.1.1"
  
  ethereumjs-util@^6.0.0, ethereumjs-util@^6.1.0, ethereumjs-util@^6.2.0:
    version "6.2.1"
    resolved "https://registry.yarnpkg.com/ethereumjs-util/-/ethereumjs-util-6.2.1.tgz#fcb4e4dd5ceacb9d2305426ab1a5cd93e3163b69"
    integrity sha512-W2Ktez4L01Vexijrm5EB6w7dg4n/TgpoYU4avuT5T3Vmnw/eCRtiBrJfQYS/DCSvDIOLn2k57GcHdeBcgVxAqw==
    dependencies:
      "@types/bn.js" "^4.11.3"
      bn.js "^4.11.0"
      create-hash "^1.1.2"
      elliptic "^6.5.2"
      ethereum-cryptography "^0.1.3"
      ethjs-util "0.1.6"
      rlp "^2.2.3"
  
  ethereumjs-util@^7.0.2:
    version "7.0.7"
    resolved "https://registry.yarnpkg.com/ethereumjs-util/-/ethereumjs-util-7.0.7.tgz#484fb9c03b766b2ee64821281070616562fb5a59"
    integrity sha512-vU5rtZBlZsgkTw3o6PDKyB8li2EgLavnAbsKcfsH2YhHH1Le+PP8vEiMnAnvgc1B6uMoaM5GDCrVztBw0Q5K9g==
    dependencies:
      "@types/bn.js" "^4.11.3"
      bn.js "^5.1.2"
      create-hash "^1.1.2"
      ethereum-cryptography "^0.1.3"
      ethjs-util "0.1.6"
      rlp "^2.2.4"
  
  ethereumjs-vm@^4.2.0:
    version "4.2.0"
    resolved "https://registry.yarnpkg.com/ethereumjs-vm/-/ethereumjs-vm-4.2.0.tgz#e885e861424e373dbc556278f7259ff3fca5edab"
    integrity sha512-X6qqZbsY33p5FTuZqCnQ4+lo957iUJMM6Mpa6bL4UW0dxM6WmDSHuI4j/zOp1E2TDKImBGCJA9QPfc08PaNubA==
    dependencies:
      async "^2.1.2"
      async-eventemitter "^0.2.2"
      core-js-pure "^3.0.1"
      ethereumjs-account "^3.0.0"
      ethereumjs-block "^2.2.2"
      ethereumjs-blockchain "^4.0.3"
      ethereumjs-common "^1.5.0"
      ethereumjs-tx "^2.1.2"
      ethereumjs-util "^6.2.0"
      fake-merkle-patricia-tree "^1.0.1"
      functional-red-black-tree "^1.0.1"
      merkle-patricia-tree "^2.3.2"
      rustbn.js "~0.2.0"
      safe-buffer "^5.1.1"
      util.promisify "^1.0.0"
  
  ethers@4.0.36:
    version "4.0.36"
    resolved "https://registry.yarnpkg.com/ethers/-/ethers-4.0.36.tgz#96519fd3cc9317f938c8ee4d22050f34e3c2ef0e"
    integrity sha512-rWdchEhUyXx01GiwexH6Sha97CQ9tJdQwe6FtYKxShC7VEZV41nuKt+lzCQ4OqvQwZK5PcAKaAZv2GDsCH33SA==
    dependencies:
      "@types/node" "^10.3.2"
      aes-js "3.0.0"
      bn.js "^4.4.0"
      elliptic "6.3.3"
      hash.js "1.1.3"
      js-sha3 "0.5.7"
      scrypt-js "2.0.4"
      setimmediate "1.0.4"
      uuid "2.0.1"
      xmlhttprequest "1.8.0"
  
  ethers@~4.0.4:
    version "4.0.48"
    resolved "https://registry.yarnpkg.com/ethers/-/ethers-4.0.48.tgz#330c65b8133e112b0613156e57e92d9009d8fbbe"
    integrity sha512-sZD5K8H28dOrcidzx9f8KYh8083n5BexIO3+SbE4jK83L85FxtpXZBCQdXb8gkg+7sBqomcLhhkU7UHL+F7I2g==
    dependencies:
      aes-js "3.0.0"
      bn.js "^4.4.0"
      elliptic "6.5.3"
      hash.js "1.1.3"
      js-sha3 "0.5.7"
      scrypt-js "2.0.4"
      setimmediate "1.0.4"
      uuid "2.0.1"
      xmlhttprequest "1.8.0"
  
  ethjs-util@0.1.6, ethjs-util@^0.1.3:
    version "0.1.6"
    resolved "https://registry.yarnpkg.com/ethjs-util/-/ethjs-util-0.1.6.tgz#f308b62f185f9fe6237132fb2a9818866a5cd536"
    integrity sha512-CUnVOQq7gSpDHZVVrQW8ExxUETWrnrvXYvYz55wOU8Uj4VCgw56XC2B/fVqQN+f7gmrnRHSLVnFAwsCuNwji8w==
    dependencies:
      is-hex-prefixed "1.0.0"
      strip-hex-prefix "1.0.0"
  
  eventemitter3@^3.1.2:
    version "3.1.2"
    resolved "https://registry.yarnpkg.com/eventemitter3/-/eventemitter3-3.1.2.tgz#2d3d48f9c346698fce83a85d7d664e98535df6e7"
    integrity sha512-tvtQIeLVHjDkJYnzf2dgVMxfuSGJeM/7UCG17TT4EumTfNtF+0nebF/4zWOIkCreAbtNqhGEboB6BWrwqNaw4Q==
  
  evp_bytestokey@^1.0.3:
    version "1.0.3"
    resolved "https://registry.yarnpkg.com/evp_bytestokey/-/evp_bytestokey-1.0.3.tgz#7fcbdb198dc71959432efe13842684e0525acb02"
    integrity sha512-/f2Go4TognH/KvCISP7OUsHn85hT9nUkxxA9BEWxFn+Oj9o8ZNLm/40hdlgSLyuOimsrTKLUMEorQexp/aPQeA==
    dependencies:
      md5.js "^1.3.4"
      safe-buffer "^5.1.1"
  
  ext@^1.1.2:
    version "1.4.0"
    resolved "https://registry.yarnpkg.com/ext/-/ext-1.4.0.tgz#89ae7a07158f79d35517882904324077e4379244"
    integrity sha512-Key5NIsUxdqKg3vIsdw9dSuXpPCQ297y6wBjL30edxwPgt2E44WcWBZey/ZvUc6sERLTxKdyCu4gZFmUbk1Q7A==
    dependencies:
      type "^2.0.0"
  
  fake-merkle-patricia-tree@^1.0.1:
    version "1.0.1"
    resolved "https://registry.yarnpkg.com/fake-merkle-patricia-tree/-/fake-merkle-patricia-tree-1.0.1.tgz#4b8c3acfb520afadf9860b1f14cd8ce3402cddd3"
    integrity sha1-S4w6z7Ugr635hgsfFM2M40As3dM=
    dependencies:
      checkpoint-store "^1.1.0"
  
  flow-stoplight@^1.0.0:
    version "1.0.0"
    resolved "https://registry.yarnpkg.com/flow-stoplight/-/flow-stoplight-1.0.0.tgz#4a292c5bcff8b39fa6cc0cb1a853d86f27eeff7b"
    integrity sha1-SiksW8/4s5+mzAyxqFPYbyfu/3s=
  
  function-bind@^1.1.1:
    version "1.1.1"
    resolved "https://registry.yarnpkg.com/function-bind/-/function-bind-1.1.1.tgz#a56899d3ea3c9bab874bb9773b7c5ede92f4895d"
    integrity sha512-yIovAzMX49sF8Yl58fSCWJ5svSLuaibPxXQJFLmBObTuCr0Mf1KiPopGM9NiFjiYBCbfaa2Fh6breQ6ANVTI0A==
  
  functional-red-black-tree@^1.0.1, functional-red-black-tree@~1.0.1:
    version "1.0.1"
    resolved "https://registry.yarnpkg.com/functional-red-black-tree/-/functional-red-black-tree-1.0.1.tgz#1b0ab3bd553b2a0d6399d29c0e3ea0b252078327"
    integrity sha1-GwqzvVU7Kg1jmdKcDj6gslIHgyc=
  
  get-intrinsic@^1.0.0:
    version "1.0.1"
    resolved "https://registry.yarnpkg.com/get-intrinsic/-/get-intrinsic-1.0.1.tgz#94a9768fcbdd0595a1c9273aacf4c89d075631be"
    integrity sha512-ZnWP+AmS1VUaLgTRy47+zKtjTxz+0xMpx3I52i+aalBK1QP19ggLF3Db89KJX7kjfOfP2eoa01qc++GwPgufPg==
    dependencies:
      function-bind "^1.1.1"
      has "^1.0.3"
      has-symbols "^1.0.1"
  
  has-flag@^3.0.0:
    version "3.0.0"
    resolved "https://registry.yarnpkg.com/has-flag/-/has-flag-3.0.0.tgz#b5d454dc2199ae225699f3467e5a07f3b955bafd"
    integrity sha1-tdRU3CGZriJWmfNGfloH87lVuv0=
  
  has-symbols@^1.0.1:
    version "1.0.1"
    resolved "https://registry.yarnpkg.com/has-symbols/-/has-symbols-1.0.1.tgz#9f5214758a44196c406d9bd76cebf81ec2dd31e8"
    integrity sha512-PLcsoqu++dmEIZB+6totNFKq/7Do+Z0u4oT0zKOJNl3lYK6vGwwu2hjHs+68OEZbTjiUE9bgOABXbP/GvrS0Kg==
  
  has@^1.0.3:
    version "1.0.3"
    resolved "https://registry.yarnpkg.com/has/-/has-1.0.3.tgz#722d7cbfc1f6aa8241f16dd814e011e1f41e8796"
    integrity sha512-f2dvO0VU6Oej7RkWJGrehjbzMAjFp5/VKPp5tTpWIV4JHHZK1/BxbFRtf/siA2SWTe09caDmVtYYzWEIbBS4zw==
    dependencies:
      function-bind "^1.1.1"
  
  hash-base@^3.0.0:
    version "3.1.0"
    resolved "https://registry.yarnpkg.com/hash-base/-/hash-base-3.1.0.tgz#55c381d9e06e1d2997a883b4a3fddfe7f0d3af33"
    integrity sha512-1nmYp/rhMDiE7AYkDw+lLwlAzz0AntGIe51F3RfFfEqyQ3feY2eI/NcwC6umIQVOASPMsWJLJScWKSSvzL9IVA==
    dependencies:
      inherits "^2.0.4"
      readable-stream "^3.6.0"
      safe-buffer "^5.2.0"
  
  hash.js@1.1.3:
    version "1.1.3"
    resolved "https://registry.yarnpkg.com/hash.js/-/hash.js-1.1.3.tgz#340dedbe6290187151c1ea1d777a3448935df846"
    integrity sha512-/UETyP0W22QILqS+6HowevwhEFJ3MBJnwTf75Qob9Wz9t0DPuisL8kW8YZMK62dHAKE1c1p+gY1TtOLY+USEHA==
    dependencies:
      inherits "^2.0.3"
      minimalistic-assert "^1.0.0"
  
  hash.js@^1.0.0, hash.js@^1.0.3, hash.js@^1.1.7:
    version "1.1.7"
    resolved "https://registry.yarnpkg.com/hash.js/-/hash.js-1.1.7.tgz#0babca538e8d4ee4a0f8988d68866537a003cf42"
    integrity sha512-taOaskGt4z4SOANNseOviYDvjEJinIkRgmp7LbKP2YTTmVxWBl87s/uzK9r+44BclBSp2X7K1hqeNfz9JbBeXA==
    dependencies:
      inherits "^2.0.3"
      minimalistic-assert "^1.0.1"
  
  hmac-drbg@^1.0.0:
    version "1.0.1"
    resolved "https://registry.yarnpkg.com/hmac-drbg/-/hmac-drbg-1.0.1.tgz#d2745701025a6c775a6c545793ed502fc0c649a1"
    integrity sha1-0nRXAQJabHdabFRXk+1QL8DGSaE=
    dependencies:
      hash.js "^1.0.3"
      minimalistic-assert "^1.0.0"
      minimalistic-crypto-utils "^1.0.1"
  
  iconv-lite@^0.6.2:
    version "0.6.2"
    resolved "https://registry.yarnpkg.com/iconv-lite/-/iconv-lite-0.6.2.tgz#ce13d1875b0c3a674bd6a04b7f76b01b1b6ded01"
    integrity sha512-2y91h5OpQlolefMPmUlivelittSWy0rP+oYVpn6A7GwVHNE8AWzoYOBNmlwks3LobaJxgHCYZAnyNo2GgpNRNQ==
    dependencies:
      safer-buffer ">= 2.1.2 < 3.0.0"
  
  ieee754@^1.1.13:
    version "1.2.1"
    resolved "https://registry.yarnpkg.com/ieee754/-/ieee754-1.2.1.tgz#8eb7a10a63fff25d15a57b001586d177d1b0d352"
    integrity sha512-dcyqhDvX1C46lXZcVqCpK+FtMRQVdIMN6/Df5js2zouUsqG7I6sFxitIC+7KYK29KdXOLHdu9zL4sFnoVQnqaA==
  
  immediate@^3.2.3:
    version "3.3.0"
    resolved "https://registry.yarnpkg.com/immediate/-/immediate-3.3.0.tgz#1aef225517836bcdf7f2a2de2600c79ff0269266"
    integrity sha512-HR7EVodfFUdQCTIeySw+WDRFJlPcLOJbXfwwZ7Oom6tjsvZ3bOkCDJHehQC3nxJrv7+f9XecwazynjU8e4Vw3Q==
  
  immediate@~3.2.3:
    version "3.2.3"
    resolved "https://registry.yarnpkg.com/immediate/-/immediate-3.2.3.tgz#d140fa8f614659bd6541233097ddaac25cdd991c"
    integrity sha1-0UD6j2FGWb1lQSMwl92qwlzdmRw=
  
  immutable@3.8.2:
    version "3.8.2"
    resolved "https://registry.yarnpkg.com/immutable/-/immutable-3.8.2.tgz#c2439951455bb39913daf281376f1530e104adf3"
    integrity sha1-wkOZUUVbs5kT2vKBN28VMOEErfM=
  
  inherits@^2.0.1, inherits@^2.0.3, inherits@^2.0.4, inherits@~2.0.1, inherits@~2.0.3:
    version "2.0.4"
    resolved "https://registry.yarnpkg.com/inherits/-/inherits-2.0.4.tgz#0fa2c64f932917c3433a0ded55363aae37416b7c"
    integrity sha512-k/vGaX4/Yla3WzyMCvTQOXYeIHvqOKtnqBduzTHpzpQZzAskKMhZ2K+EnBiSM9zGSoIFeMpXKxa4dYeZIQqewQ==
  
  is-callable@^1.1.4, is-callable@^1.2.2:
    version "1.2.2"
    resolved "https://registry.yarnpkg.com/is-callable/-/is-callable-1.2.2.tgz#c7c6715cd22d4ddb48d3e19970223aceabb080d9"
    integrity sha512-dnMqspv5nU3LoewK2N/y7KLtxtakvTuaCsU9FU50/QDmdbHNy/4/JuRtMHqRU22o3q+W89YQndQEeCVwK+3qrA==
  
  is-date-object@^1.0.1:
    version "1.0.2"
    resolved "https://registry.yarnpkg.com/is-date-object/-/is-date-object-1.0.2.tgz#bda736f2cd8fd06d32844e7743bfa7494c3bfd7e"
    integrity sha512-USlDT524woQ08aoZFzh3/Z6ch9Y/EWXEHQ/AaRN0SkKq4t2Jw2R2339tSXmwuVoY7LLlBCbOIlx2myP/L5zk0g==
  
  is-hex-prefixed@1.0.0:
    version "1.0.0"
    resolved "https://registry.yarnpkg.com/is-hex-prefixed/-/is-hex-prefixed-1.0.0.tgz#7d8d37e6ad77e5d127148913c573e082d777f554"
    integrity sha1-fY035q135dEnFIkTxXPggtd39VQ=
  
  is-negative-zero@^2.0.0:
    version "2.0.0"
    resolved "https://registry.yarnpkg.com/is-negative-zero/-/is-negative-zero-2.0.0.tgz#9553b121b0fac28869da9ed459e20c7543788461"
    integrity sha1-lVOxIbD6wohp2p7UWeIMdUN4hGE=
  
  is-regex@^1.1.1:
    version "1.1.1"
    resolved "https://registry.yarnpkg.com/is-regex/-/is-regex-1.1.1.tgz#c6f98aacc546f6cec5468a07b7b153ab564a57b9"
    integrity sha512-1+QkEcxiLlB7VEyFtyBg94e08OAsvq7FUBgApTq/w2ymCLyKJgDPsybBENVtA7XCQEgEXxKPonG+mvYRxh/LIg==
    dependencies:
      has-symbols "^1.0.1"
  
  is-stream@^1.0.1:
    version "1.1.0"
    resolved "https://registry.yarnpkg.com/is-stream/-/is-stream-1.1.0.tgz#12d4a3dd4e68e0b79ceb8dbc84173ae80d91ca44"
    integrity sha1-EtSj3U5o4Lec6428hBc66A2RykQ=
  
  is-symbol@^1.0.2:
    version "1.0.3"
    resolved "https://registry.yarnpkg.com/is-symbol/-/is-symbol-1.0.3.tgz#38e1014b9e6329be0de9d24a414fd7441ec61937"
    integrity sha512-OwijhaRSgqvhm/0ZdAcXNZt9lYdKFpcRDT5ULUuYXPoT794UNOdU+gpT6Rzo7b4V2HUl/op6GqY894AZwv9faQ==
    dependencies:
      has-symbols "^1.0.1"
  
  is-typedarray@^1.0.0:
    version "1.0.0"
    resolved "https://registry.yarnpkg.com/is-typedarray/-/is-typedarray-1.0.0.tgz#e479c80858df0c1b11ddda6940f96011fcda4a9a"
    integrity sha1-5HnICFjfDBsR3dppQPlgEfzaSpo=
  
  isarray@0.0.1:
    version "0.0.1"
    resolved "https://registry.yarnpkg.com/isarray/-/isarray-0.0.1.tgz#8a18acfca9a8f4177e09abfc6038939b05d1eedf"
    integrity sha1-ihis/Kmo9Bd+Cav8YDiTmwXR7t8=
  
  isarray@~1.0.0:
    version "1.0.0"
    resolved "https://registry.yarnpkg.com/isarray/-/isarray-1.0.0.tgz#bb935d48582cba168c06834957a54a3e07124f11"
    integrity sha1-u5NdSFgsuhaMBoNJV6VKPgcSTxE=
  
  isomorphic-fetch@2.2.1:
    version "2.2.1"
    resolved "https://registry.yarnpkg.com/isomorphic-fetch/-/isomorphic-fetch-2.2.1.tgz#611ae1acf14f5e81f729507472819fe9733558a9"
    integrity sha1-YRrhrPFPXoH3KVB0coGf6XM1WKk=
    dependencies:
      node-fetch "^1.0.1"
      whatwg-fetch ">=0.10.0"
  
  js-sha3@0.5.7:
    version "0.5.7"
    resolved "https://registry.yarnpkg.com/js-sha3/-/js-sha3-0.5.7.tgz#0d4ffd8002d5333aabaf4a23eed2f6374c9f28e7"
    integrity sha1-DU/9gALVMzqrr0oj7tL2N0yfKOc=
  
  js-sha3@^0.7.0:
    version "0.7.0"
    resolved "https://registry.yarnpkg.com/js-sha3/-/js-sha3-0.7.0.tgz#0a5c57b36f79882573b2d84051f8bb85dd1bd63a"
    integrity sha512-Wpks3yBDm0UcL5qlVhwW9Jr9n9i4FfeWBFOOXP5puDS/SiudJGhw7DPyBqn3487qD4F0lsC0q3zxink37f7zeA==
  
  "js-tokens@^3.0.0 || ^4.0.0":
    version "4.0.0"
    resolved "https://registry.yarnpkg.com/js-tokens/-/js-tokens-4.0.0.tgz#19203fb59991df98e3a287050d4647cdeaf32499"
    integrity sha512-RdJUflcE3cUzKiMqQgsCu06FPu9UdIJO0beYbPhHN4k6apgJtifcoCtT9bcxOpYBtpD2kCM6Sbzg4CausW/PKQ==
  
  jsonschema@^1.2.0:
    version "1.4.0"
    resolved "https://registry.yarnpkg.com/jsonschema/-/jsonschema-1.4.0.tgz#1afa34c4bc22190d8e42271ec17ac8b3404f87b2"
    integrity sha512-/YgW6pRMr6M7C+4o8kS+B/2myEpHCrxO4PEWnqJNBFMjn7EWXqlQ4tGwL6xTHeRplwuZmcAncdvfOad1nT2yMw==
  
  just-extend@^4.0.2:
    version "4.1.1"
    resolved "https://registry.yarnpkg.com/just-extend/-/just-extend-4.1.1.tgz#158f1fdb01f128c411dc8b286a7b4837b3545282"
    integrity sha512-aWgeGFW67BP3e5181Ep1Fv2v8z//iBJfrvyTnq8wG86vEESwmonn1zPBJ0VfmT9CJq2FIT0VsETtrNFm2a+SHA==
  
  keccak@^3.0.0:
    version "3.0.1"
    resolved "https://registry.yarnpkg.com/keccak/-/keccak-3.0.1.tgz#ae30a0e94dbe43414f741375cff6d64c8bea0bff"
    integrity sha512-epq90L9jlFWCW7+pQa6JOnKn2Xgl2mtI664seYR6MHskvI9agt7AnDqmAlp9TqU4/caMYbA08Hi5DMZAl5zdkA==
    dependencies:
      node-addon-api "^2.0.0"
      node-gyp-build "^4.2.0"
  
  level-codec@^9.0.0:
    version "9.0.2"
    resolved "https://registry.yarnpkg.com/level-codec/-/level-codec-9.0.2.tgz#fd60df8c64786a80d44e63423096ffead63d8cbc"
    integrity sha512-UyIwNb1lJBChJnGfjmO0OR+ezh2iVu1Kas3nvBS/BzGnx79dv6g7unpKIDNPMhfdTEGoc7mC8uAu51XEtX+FHQ==
    dependencies:
      buffer "^5.6.0"
  
  level-codec@~7.0.0:
    version "7.0.1"
    resolved "https://registry.yarnpkg.com/level-codec/-/level-codec-7.0.1.tgz#341f22f907ce0f16763f24bddd681e395a0fb8a7"
    integrity sha512-Ua/R9B9r3RasXdRmOtd+t9TCOEIIlts+TN/7XTT2unhDaL6sJn83S3rUyljbr6lVtw49N3/yA0HHjpV6Kzb2aQ==
  
  level-errors@^1.0.3:
    version "1.1.2"
    resolved "https://registry.yarnpkg.com/level-errors/-/level-errors-1.1.2.tgz#4399c2f3d3ab87d0625f7e3676e2d807deff404d"
    integrity sha512-Sw/IJwWbPKF5Ai4Wz60B52yj0zYeqzObLh8k1Tk88jVmD51cJSKWSYpRyhVIvFzZdvsPqlH5wfhp/yxdsaQH4w==
    dependencies:
      errno "~0.1.1"
  
  level-errors@^2.0.0, level-errors@~2.0.0:
    version "2.0.1"
    resolved "https://registry.yarnpkg.com/level-errors/-/level-errors-2.0.1.tgz#2132a677bf4e679ce029f517c2f17432800c05c8"
    integrity sha512-UVprBJXite4gPS+3VznfgDSU8PTRuVX0NXwoWW50KLxd2yw4Y1t2JUR5In1itQnudZqRMT9DlAM3Q//9NCjCFw==
    dependencies:
      errno "~0.1.1"
  
  level-errors@~1.0.3:
    version "1.0.5"
    resolved "https://registry.yarnpkg.com/level-errors/-/level-errors-1.0.5.tgz#83dbfb12f0b8a2516bdc9a31c4876038e227b859"
    integrity sha512-/cLUpQduF6bNrWuAC4pwtUKA5t669pCsCi2XbmojG2tFeOr9j6ShtdDCtFFQO1DRt+EVZhx9gPzP9G2bUaG4ig==
    dependencies:
      errno "~0.1.1"
  
  level-iterator-stream@~1.3.0:
    version "1.3.1"
    resolved "https://registry.yarnpkg.com/level-iterator-stream/-/level-iterator-stream-1.3.1.tgz#e43b78b1a8143e6fa97a4f485eb8ea530352f2ed"
    integrity sha1-5Dt4sagUPm+pek9IXrjqUwNS8u0=
    dependencies:
      inherits "^2.0.1"
      level-errors "^1.0.3"
      readable-stream "^1.0.33"
      xtend "^4.0.0"
  
  level-iterator-stream@~3.0.0:
    version "3.0.1"
    resolved "https://registry.yarnpkg.com/level-iterator-stream/-/level-iterator-stream-3.0.1.tgz#2c98a4f8820d87cdacab3132506815419077c730"
    integrity sha512-nEIQvxEED9yRThxvOrq8Aqziy4EGzrxSZK+QzEFAVuJvQ8glfyZ96GB6BoI4sBbLfjMXm2w4vu3Tkcm9obcY0g==
    dependencies:
      inherits "^2.0.1"
      readable-stream "^2.3.6"
      xtend "^4.0.0"
  
  level-mem@^3.0.1:
    version "3.0.1"
    resolved "https://registry.yarnpkg.com/level-mem/-/level-mem-3.0.1.tgz#7ce8cf256eac40f716eb6489654726247f5a89e5"
    integrity sha512-LbtfK9+3Ug1UmvvhR2DqLqXiPW1OJ5jEh0a3m9ZgAipiwpSxGj/qaVVy54RG5vAQN1nCuXqjvprCuKSCxcJHBg==
    dependencies:
      level-packager "~4.0.0"
      memdown "~3.0.0"
  
  level-packager@~4.0.0:
    version "4.0.1"
    resolved "https://registry.yarnpkg.com/level-packager/-/level-packager-4.0.1.tgz#7e7d3016af005be0869bc5fa8de93d2a7f56ffe6"
    integrity sha512-svCRKfYLn9/4CoFfi+d8krOtrp6RoX8+xm0Na5cgXMqSyRru0AnDYdLl+YI8u1FyS6gGZ94ILLZDE5dh2but3Q==
    dependencies:
      encoding-down "~5.0.0"
      levelup "^3.0.0"
  
  level-ws@0.0.0:
    version "0.0.0"
    resolved "https://registry.yarnpkg.com/level-ws/-/level-ws-0.0.0.tgz#372e512177924a00424b0b43aef2bb42496d228b"
    integrity sha1-Ny5RIXeSSgBCSwtDrvK7QkltIos=
    dependencies:
      readable-stream "~1.0.15"
      xtend "~2.1.1"
  
  levelup@^1.2.1:
    version "1.3.9"
    resolved "https://registry.yarnpkg.com/levelup/-/levelup-1.3.9.tgz#2dbcae845b2bb2b6bea84df334c475533bbd82ab"
    integrity sha512-VVGHfKIlmw8w1XqpGOAGwq6sZm2WwWLmlDcULkKWQXEA5EopA8OBNJ2Ck2v6bdk8HeEZSbCSEgzXadyQFm76sQ==
    dependencies:
      deferred-leveldown "~1.2.1"
      level-codec "~7.0.0"
      level-errors "~1.0.3"
      level-iterator-stream "~1.3.0"
      prr "~1.0.1"
      semver "~5.4.1"
      xtend "~4.0.0"
  
  levelup@^3.0.0:
    version "3.1.1"
    resolved "https://registry.yarnpkg.com/levelup/-/levelup-3.1.1.tgz#c2c0b3be2b4dc316647c53b42e2f559e232d2189"
    integrity sha512-9N10xRkUU4dShSRRFTBdNaBxofz+PGaIZO962ckboJZiNmLuhVT6FZ6ZKAsICKfUBO76ySaYU6fJWX/jnj3Lcg==
    dependencies:
      deferred-leveldown "~4.0.0"
      level-errors "~2.0.0"
      level-iterator-stream "~3.0.0"
      xtend "~4.0.0"
  
  lodash.get@^4.4.2:
    version "4.4.2"
    resolved "https://registry.yarnpkg.com/lodash.get/-/lodash.get-4.4.2.tgz#2d177f652fa31e939b4438d5341499dfa3825e99"
    integrity sha1-LRd/ZS+jHpObRDjVNBSZ36OCXpk=
  
  lodash.values@^4.3.0:
    version "4.3.0"
    resolved "https://registry.yarnpkg.com/lodash.values/-/lodash.values-4.3.0.tgz#a3a6c2b0ebecc5c2cba1c17e6e620fe81b53d347"
    integrity sha1-o6bCsOvsxcLLocF+bmIP6BtT00c=
  
  lodash@^4.17.11, lodash@^4.17.14, lodash@^4.17.15:
    version "4.17.20"
    resolved "https://registry.yarnpkg.com/lodash/-/lodash-4.17.20.tgz#b44a9b6297bcb698f1c51a3545a2b3b368d59c52"
    integrity sha512-PlhdFcillOINfeV7Ni6oF1TAEayyZBoZ8bcshTHqOYJYlrqzRK5hagpagky5o4HfCzzd1TRkXPMFq6cKk9rGmA==
  
  lolex@^2.2.0:
    version "2.7.5"
    resolved "https://registry.yarnpkg.com/lolex/-/lolex-2.7.5.tgz#113001d56bfc7e02d56e36291cc5c413d1aa0733"
    integrity sha512-l9x0+1offnKKIzYVjyXU2SiwhXDLekRzKyhnbyldPHvC7BvLPVpdNUNR2KeMAiCN2D/kLNttZgQD5WjSxuBx3Q==
  
  lolex@^5.0.1:
    version "5.1.2"
    resolved "https://registry.yarnpkg.com/lolex/-/lolex-5.1.2.tgz#953694d098ce7c07bc5ed6d0e42bc6c0c6d5a367"
    integrity sha512-h4hmjAvHTmd+25JSwrtTIuwbKdwg5NzZVRMLn9saij4SZaepCrTCxPr35H/3bjwfMJtN+t3CX8672UIkglz28A==
    dependencies:
      "@sinonjs/commons" "^1.7.0"
  
  loose-envify@^1.4.0:
    version "1.4.0"
    resolved "https://registry.yarnpkg.com/loose-envify/-/loose-envify-1.4.0.tgz#71ee51fa7be4caec1a63839f7e682d8132d30caf"
    integrity sha512-lyuxPGr/Wfhrlem2CL/UcnUc1zcqKAImBDzukY7Y5F/yQiNdko6+fRLevlw1HgMySw7f611UIY408EtxRSoK3Q==
    dependencies:
      js-tokens "^3.0.0 || ^4.0.0"
  
  lru-cache@^5.1.1:
    version "5.1.1"
    resolved "https://registry.yarnpkg.com/lru-cache/-/lru-cache-5.1.1.tgz#1da27e6710271947695daf6848e847f01d84b920"
    integrity sha512-KpNARQA3Iwv+jTA0utUVVbrh+Jlrr1Fv0e56GGzAFOXN7dk/FviaDW8LHmK52DlcH4WP2n6gI8vN1aesBFgo9w==
    dependencies:
      yallist "^3.0.2"
  
  ltgt@~2.2.0:
    version "2.2.1"
    resolved "https://registry.yarnpkg.com/ltgt/-/ltgt-2.2.1.tgz#f35ca91c493f7b73da0e07495304f17b31f87ee5"
    integrity sha1-81ypHEk/e3PaDgdJUwTxezH4fuU=
  
  md5.js@^1.3.4:
    version "1.3.5"
    resolved "https://registry.yarnpkg.com/md5.js/-/md5.js-1.3.5.tgz#b5d07b8e3216e3e27cd728d72f70d1e6a342005f"
    integrity sha512-xitP+WxNPcTTOgnTJcrhM0xvdPepipPSf3I8EIpGKeFLjt3PlJLIDG3u8EX53ZIubkb+5U2+3rELYpEhHhzdkg==
    dependencies:
      hash-base "^3.0.0"
      inherits "^2.0.1"
      safe-buffer "^5.1.2"
  
  memdown@^1.0.0:
    version "1.4.1"
    resolved "https://registry.yarnpkg.com/memdown/-/memdown-1.4.1.tgz#b4e4e192174664ffbae41361aa500f3119efe215"
    integrity sha1-tOThkhdGZP+65BNhqlAPMRnv4hU=
    dependencies:
      abstract-leveldown "~2.7.1"
      functional-red-black-tree "^1.0.1"
      immediate "^3.2.3"
      inherits "~2.0.1"
      ltgt "~2.2.0"
      safe-buffer "~5.1.1"
  
  memdown@~3.0.0:
    version "3.0.0"
    resolved "https://registry.yarnpkg.com/memdown/-/memdown-3.0.0.tgz#93aca055d743b20efc37492e9e399784f2958309"
    integrity sha512-tbV02LfZMWLcHcq4tw++NuqMO+FZX8tNJEiD2aNRm48ZZusVg5N8NART+dmBkepJVye986oixErf7jfXboMGMA==
    dependencies:
      abstract-leveldown "~5.0.0"
      functional-red-black-tree "~1.0.1"
      immediate "~3.2.3"
      inherits "~2.0.1"
      ltgt "~2.2.0"
      safe-buffer "~5.1.1"
  
  merkle-patricia-tree@^2.1.2, merkle-patricia-tree@^2.3.2:
    version "2.3.2"
    resolved "https://registry.yarnpkg.com/merkle-patricia-tree/-/merkle-patricia-tree-2.3.2.tgz#982ca1b5a0fde00eed2f6aeed1f9152860b8208a"
    integrity sha512-81PW5m8oz/pz3GvsAwbauj7Y00rqm81Tzad77tHBwU7pIAtN+TJnMSOJhxBKflSVYhptMMb9RskhqHqrSm1V+g==
    dependencies:
      async "^1.4.2"
      ethereumjs-util "^5.0.0"
      level-ws "0.0.0"
      levelup "^1.2.1"
      memdown "^1.0.0"
      readable-stream "^2.0.0"
      rlp "^2.0.0"
      semaphore ">=1.0.1"
  
  miller-rabin@^4.0.0:
    version "4.0.1"
    resolved "https://registry.yarnpkg.com/miller-rabin/-/miller-rabin-4.0.1.tgz#f080351c865b0dc562a8462966daa53543c78a4d"
    integrity sha512-115fLhvZVqWwHPbClyntxEVfVDfl9DLLTuJvq3g2O/Oxi8AiNouAHvDSzHS0viUJc+V5vm3eq91Xwqn9dp4jRA==
    dependencies:
      bn.js "^4.0.0"
      brorand "^1.0.1"
  
  minimalistic-assert@^1.0.0, minimalistic-assert@^1.0.1:
    version "1.0.1"
    resolved "https://registry.yarnpkg.com/minimalistic-assert/-/minimalistic-assert-1.0.1.tgz#2e194de044626d4a10e7f7fbc00ce73e83e4d5c7"
    integrity sha512-UtJcAD4yEaGtjPezWuO9wC4nwUnVH/8/Im3yEHQP4b67cXlD/Qr9hdITCU1xDbSEXg2XKNaP8jsReV7vQd00/A==
  
  minimalistic-crypto-utils@^1.0.0, minimalistic-crypto-utils@^1.0.1:
    version "1.0.1"
    resolved "https://registry.yarnpkg.com/minimalistic-crypto-utils/-/minimalistic-crypto-utils-1.0.1.tgz#f6c00c1c0b082246e5c4d99dfb8c7c083b2b582a"
    integrity sha1-9sAMHAsIIkblxNmd+4x8CDsrWCo=
  
  ms@2.0.0:
    version "2.0.0"
    resolved "https://registry.yarnpkg.com/ms/-/ms-2.0.0.tgz#5608aeadfc00be6c2901df5f9861788de0d597c8"
    integrity sha1-VgiurfwAvmwpAd9fmGF4jeDVl8g=
  
  next-tick@~1.0.0:
    version "1.0.0"
    resolved "https://registry.yarnpkg.com/next-tick/-/next-tick-1.0.0.tgz#ca86d1fe8828169b0120208e3dc8424b9db8342c"
    integrity sha1-yobR/ogoFpsBICCOPchCS524NCw=
  
  nise@^1.2.0:
    version "1.5.3"
    resolved "https://registry.yarnpkg.com/nise/-/nise-1.5.3.tgz#9d2cfe37d44f57317766c6e9408a359c5d3ac1f7"
    integrity sha512-Ymbac/94xeIrMf59REBPOv0thr+CJVFMhrlAkW/gjCIE58BGQdCj0x7KRCb3yz+Ga2Rz3E9XXSvUyyxqqhjQAQ==
    dependencies:
      "@sinonjs/formatio" "^3.2.1"
      "@sinonjs/text-encoding" "^0.7.1"
      just-extend "^4.0.2"
      lolex "^5.0.1"
      path-to-regexp "^1.7.0"
  
  node-addon-api@^2.0.0:
    version "2.0.2"
    resolved "https://registry.yarnpkg.com/node-addon-api/-/node-addon-api-2.0.2.tgz#432cfa82962ce494b132e9d72a15b29f71ff5d32"
    integrity sha512-Ntyt4AIXyaLIuMHF6IOoTakB3K+RWxwtsHNRxllEoA6vPwP9o4866g6YWDLUdnucilZhmkxiHwHr11gAENw+QA==
  
  node-fetch@^1.0.1:
    version "1.7.3"
    resolved "https://registry.yarnpkg.com/node-fetch/-/node-fetch-1.7.3.tgz#980f6f72d85211a5347c6b2bc18c5b84c3eb47ef"
    integrity sha512-NhZ4CsKx7cYm2vSrBAr2PvFOe6sWDf0UYLRqA6svUYg7+/TSfVAu49jYC4BvQ4Sms9SZgdqGBgroqfDhJdTyKQ==
    dependencies:
      encoding "^0.1.11"
      is-stream "^1.0.1"
  
  node-gyp-build@^4.2.0:
    version "4.2.3"
    resolved "https://registry.yarnpkg.com/node-gyp-build/-/node-gyp-build-4.2.3.tgz#ce6277f853835f718829efb47db20f3e4d9c4739"
    integrity sha512-MN6ZpzmfNCRM+3t57PTJHgHyw/h4OWnZ6mR8P5j/uZtqQr46RRuDE/P+g3n0YR/AiYXeWixZZzaip77gdICfRg==
  
  object-assign@^4.1.1:
    version "4.1.1"
    resolved "https://registry.yarnpkg.com/object-assign/-/object-assign-4.1.1.tgz#2109adc7965887cfc05cbbd442cac8bfbb360863"
    integrity sha1-IQmtx5ZYh8/AXLvUQsrIv7s2CGM=
  
  object-inspect@^1.8.0:
    version "1.9.0"
    resolved "https://registry.yarnpkg.com/object-inspect/-/object-inspect-1.9.0.tgz#c90521d74e1127b67266ded3394ad6116986533a"
    integrity sha512-i3Bp9iTqwhaLZBxGkRfo5ZbE07BQRT7MGu8+nNgwW9ItGp1TzCTw2DLEoWwjClxBjOFI/hWljTAmYGCEwmtnOw==
  
  object-keys@^1.0.12, object-keys@^1.1.1:
    version "1.1.1"
    resolved "https://registry.yarnpkg.com/object-keys/-/object-keys-1.1.1.tgz#1c47f272df277f3b1daf061677d9c82e2322c60e"
    integrity sha512-NuAESUOUMrlIXOfHKzD6bpPu3tYt3xvjNdRIQ+FeT0lNb4K8WR70CaDxhuNguS2XG+GjkyMwOzsN5ZktImfhLA==
  
  object-keys@~0.4.0:
    version "0.4.0"
    resolved "https://registry.yarnpkg.com/object-keys/-/object-keys-0.4.0.tgz#28a6aae7428dd2c3a92f3d95f21335dd204e0336"
    integrity sha1-KKaq50KN0sOpLz2V8hM13SBOAzY=
  
  object.assign@^4.1.1:
    version "4.1.2"
    resolved "https://registry.yarnpkg.com/object.assign/-/object.assign-4.1.2.tgz#0ed54a342eceb37b38ff76eb831a0e788cb63940"
    integrity sha512-ixT2L5THXsApyiUPYKmW+2EHpXXe5Ii3M+f4e+aJFAHao5amFRW6J0OO6c/LU8Be47utCx2GL89hxGB6XSmKuQ==
    dependencies:
      call-bind "^1.0.0"
      define-properties "^1.1.3"
      has-symbols "^1.0.1"
      object-keys "^1.1.1"
  
  object.getownpropertydescriptors@^2.1.0:
    version "2.1.1"
    resolved "https://registry.yarnpkg.com/object.getownpropertydescriptors/-/object.getownpropertydescriptors-2.1.1.tgz#0dfda8d108074d9c563e80490c883b6661091544"
    integrity sha512-6DtXgZ/lIZ9hqx4GtZETobXLR/ZLaa0aqV0kzbn80Rf8Z2e/XFnhA0I7p07N2wH8bBBltr2xQPi6sbKWAY2Eng==
    dependencies:
      call-bind "^1.0.0"
      define-properties "^1.1.3"
      es-abstract "^1.18.0-next.1"
  
  path-to-regexp@^1.7.0:
    version "1.8.0"
    resolved "https://registry.yarnpkg.com/path-to-regexp/-/path-to-regexp-1.8.0.tgz#887b3ba9d84393e87a0a0b9f4cb756198b53548a"
    integrity sha512-n43JRhlUKUAlibEJhPeir1ncUID16QnEjNpwzNdO3Lm4ywrBpBZ5oLD0I6br9evr1Y9JTqwRtAh7JLoOzAQdVA==
    dependencies:
      isarray "0.0.1"
  
  pbkdf2@^3.0.17:
    version "3.1.1"
    resolved "https://registry.yarnpkg.com/pbkdf2/-/pbkdf2-3.1.1.tgz#cb8724b0fada984596856d1a6ebafd3584654b94"
    integrity sha512-4Ejy1OPxi9f2tt1rRV7Go7zmfDQ+ZectEQz3VGUQhgq62HtIRPDyG/JtnwIxs6x3uNMwo2V7q1fMvKjb+Tnpqg==
    dependencies:
      create-hash "^1.1.2"
      create-hmac "^1.1.4"
      ripemd160 "^2.0.1"
      safe-buffer "^5.0.1"
      sha.js "^2.4.8"
  
  popper.js@1.14.3:
    version "1.14.3"
    resolved "https://registry.yarnpkg.com/popper.js/-/popper.js-1.14.3.tgz#1438f98d046acf7b4d78cd502bf418ac64d4f095"
    integrity sha1-FDj5jQRqz3tNeM1QK/QYrGTU8JU=
  
  pretty-bytes@^5.1.0:
    version "5.4.1"
    resolved "https://registry.yarnpkg.com/pretty-bytes/-/pretty-bytes-5.4.1.tgz#cd89f79bbcef21e3d21eb0da68ffe93f803e884b"
    integrity sha512-s1Iam6Gwz3JI5Hweaz4GoCD1WUNUIyzePFy5+Js2hjwGVt2Z79wNN+ZKOZ2vB6C+Xs6njyB84Z1IthQg8d9LxA==
  
  process-nextick-args@~2.0.0:
    version "2.0.1"
    resolved "https://registry.yarnpkg.com/process-nextick-args/-/process-nextick-args-2.0.1.tgz#7820d9b16120cc55ca9ae7792680ae7dba6d7fe2"
    integrity sha512-3ouUOpQhtgrbOa17J7+uxOTpITYWaGP7/AhoR3+A+/1e9skrzelGi/dXzEYyvbxubEF6Wn2ypscTKiKJFFn1ag==
  
  prop-types@^15.7.2:
    version "15.7.2"
    resolved "https://registry.yarnpkg.com/prop-types/-/prop-types-15.7.2.tgz#52c41e75b8c87e72b9d9360e0206b99dcbffa6c5"
    integrity sha512-8QQikdH7//R2vurIJSutZ1smHYTcLpRWEOlHnzcWHmBYrOGUysKwSsrC89BCiFj3CbrfJ/nXFdJepOVrY1GCHQ==
    dependencies:
      loose-envify "^1.4.0"
      object-assign "^4.1.1"
      react-is "^16.8.1"
  
  prr@~1.0.1:
    version "1.0.1"
    resolved "https://registry.yarnpkg.com/prr/-/prr-1.0.1.tgz#d3fc114ba06995a45ec6893f484ceb1d78f5f476"
    integrity sha1-0/wRS6BplaRexok/SEzrHXj19HY=
  
  query-string@^6.0.0:
    version "6.13.7"
    resolved "https://registry.yarnpkg.com/query-string/-/query-string-6.13.7.tgz#af53802ff6ed56f3345f92d40a056f93681026ee"
    integrity sha512-CsGs8ZYb39zu0WLkeOhe0NMePqgYdAuCqxOYKDR5LVCytDZYMGx3Bb+xypvQvPHVPijRXB0HZNFllCzHRe4gEA==
    dependencies:
      decode-uri-component "^0.2.0"
      split-on-first "^1.0.0"
      strict-uri-encode "^2.0.0"
  
  randombytes@^2.1.0:
    version "2.1.0"
    resolved "https://registry.yarnpkg.com/randombytes/-/randombytes-2.1.0.tgz#df6f84372f0270dc65cdf6291349ab7a473d4f2a"
    integrity sha512-vYl3iOX+4CKUWuxGi9Ukhie6fsqXqS9FE2Zaic4tNFD2N2QQaXOMFbuKK4QmDHC0JO6B1Zp41J0LpT0oR68amQ==
    dependencies:
      safe-buffer "^5.1.0"
  
  react-is@^16.8.1:
    version "16.13.1"
    resolved "https://registry.yarnpkg.com/react-is/-/react-is-16.13.1.tgz#789729a4dc36de2999dc156dd6c1d9c18cea56a4"
    integrity sha512-24e6ynE2H+OKt4kqsOvNd8kBpV65zoxbA4BVsEOB3ARVWQki/DHzaUoC5KuON/BiccDaCCTZBuOcfZs70kR8bQ==
  
  readable-stream@^1.0.33:
    version "1.1.14"
    resolved "https://registry.yarnpkg.com/readable-stream/-/readable-stream-1.1.14.tgz#7cf4c54ef648e3813084c636dd2079e166c081d9"
    integrity sha1-fPTFTvZI44EwhMY23SB54WbAgdk=
    dependencies:
      core-util-is "~1.0.0"
      inherits "~2.0.1"
      isarray "0.0.1"
      string_decoder "~0.10.x"
  
  readable-stream@^2.0.0, readable-stream@^2.3.6:
    version "2.3.7"
    resolved "https://registry.yarnpkg.com/readable-stream/-/readable-stream-2.3.7.tgz#1eca1cf711aef814c04f62252a36a62f6cb23b57"
    integrity sha512-Ebho8K4jIbHAxnuxi7o42OrZgF/ZTNcsZj6nRKyUmkhLFq8CHItp/fy6hQZuZmP/n3yZ9VBUbp4zz/mX8hmYPw==
    dependencies:
      core-util-is "~1.0.0"
      inherits "~2.0.3"
      isarray "~1.0.0"
      process-nextick-args "~2.0.0"
      safe-buffer "~5.1.1"
      string_decoder "~1.1.1"
      util-deprecate "~1.0.1"
  
  readable-stream@^3.6.0:
    version "3.6.0"
    resolved "https://registry.yarnpkg.com/readable-stream/-/readable-stream-3.6.0.tgz#337bbda3adc0706bd3e024426a286d4b4b2c9198"
    integrity sha512-BViHy7LKeTz4oNnkcLJ+lVSL6vpiFeX6/d3oSH8zCW7UxP2onchk+vTGB143xuFjHS3deTgkKoXXymXqymiIdA==
    dependencies:
      inherits "^2.0.3"
      string_decoder "^1.1.1"
      util-deprecate "^1.0.1"
  
  readable-stream@~1.0.15:
    version "1.0.34"
    resolved "https://registry.yarnpkg.com/readable-stream/-/readable-stream-1.0.34.tgz#125820e34bc842d2f2aaafafe4c2916ee32c157c"
    integrity sha1-Elgg40vIQtLyqq+v5MKRbuMsFXw=
    dependencies:
      core-util-is "~1.0.0"
      inherits "~2.0.1"
      isarray "0.0.1"
      string_decoder "~0.10.x"
  
  ripemd160@^2.0.0, ripemd160@^2.0.1:
    version "2.0.2"
    resolved "https://registry.yarnpkg.com/ripemd160/-/ripemd160-2.0.2.tgz#a1c1a6f624751577ba5d07914cbc92850585890c"
    integrity sha512-ii4iagi25WusVoiC4B4lq7pbXfAp3D9v5CwfkY33vffw2+pkDjY1D8GaN7spsxvCSx8dkPqOZCEZyfxcmJG2IA==
    dependencies:
      hash-base "^3.0.0"
      inherits "^2.0.1"
  
  rlp@^2.0.0, rlp@^2.2.1, rlp@^2.2.2, rlp@^2.2.3, rlp@^2.2.4:
    version "2.2.6"
    resolved "https://registry.yarnpkg.com/rlp/-/rlp-2.2.6.tgz#c80ba6266ac7a483ef1e69e8e2f056656de2fb2c"
    integrity sha512-HAfAmL6SDYNWPUOJNrM500x4Thn4PZsEy5pijPh40U9WfNk0z15hUYzO9xVIMAdIHdFtD8CBDHd75Td1g36Mjg==
    dependencies:
      bn.js "^4.11.1"
  
  rustbn.js@~0.2.0:
    version "0.2.0"
    resolved "https://registry.yarnpkg.com/rustbn.js/-/rustbn.js-0.2.0.tgz#8082cb886e707155fd1cb6f23bd591ab8d55d0ca"
    integrity sha512-4VlvkRUuCJvr2J6Y0ImW7NvTCriMi7ErOAqWk1y69vAdoNIzCF3yPmgeNzx+RQTLEDFq5sHfscn1MwHxP9hNfA==
  
  safe-buffer@^5.0.1, safe-buffer@^5.1.0, safe-buffer@^5.1.1, safe-buffer@^5.1.2, safe-buffer@^5.2.0, safe-buffer@~5.2.0:
    version "5.2.1"
    resolved "https://registry.yarnpkg.com/safe-buffer/-/safe-buffer-5.2.1.tgz#1eaf9fa9bdb1fdd4ec75f58f9cdb4e6b7827eec6"
    integrity sha512-rp3So07KcdmmKbGvgaNxQSJr7bGVSVk5S9Eq1F+ppbRo70+YeaDxkw5Dd8NPN+GD6bjnYm2VuPuCXmpuYvmCXQ==
  
  safe-buffer@~5.1.0, safe-buffer@~5.1.1:
    version "5.1.2"
    resolved "https://registry.yarnpkg.com/safe-buffer/-/safe-buffer-5.1.2.tgz#991ec69d296e0313747d59bdfd2b745c35f8828d"
    integrity sha512-Gd2UZBJDkXlY7GbJxfsE8/nvKkUEU1G38c1siN6QP6a9PT9MmHB8GnpscSmMJSoF8LOIrt8ud/wPtojys4G6+g==
  
  "safer-buffer@>= 2.1.2 < 3.0.0":
    version "2.1.2"
    resolved "https://registry.yarnpkg.com/safer-buffer/-/safer-buffer-2.1.2.tgz#44fa161b0187b9549dd84bb91802f9bd8385cd6a"
    integrity sha512-YZo3K82SD7Riyi0E1EQPojLz7kpepnSQI9IyPbHHg1XXXevb5dJI7tpyN2ADxGcQbHG7vcyRHk0cbwqcQriUtg==
  
  samsam@1.3.0:
    version "1.3.0"
    resolved "https://registry.yarnpkg.com/samsam/-/samsam-1.3.0.tgz#8d1d9350e25622da30de3e44ba692b5221ab7c50"
    integrity sha512-1HwIYD/8UlOtFS3QO3w7ey+SdSDFE4HRNLZoZRYVQefrOY3l17epswImeB1ijgJFQJodIaHcwkp3r/myBjFVbg==
  
  scrypt-js@2.0.4:
    version "2.0.4"
    resolved "https://registry.yarnpkg.com/scrypt-js/-/scrypt-js-2.0.4.tgz#32f8c5149f0797672e551c07e230f834b6af5f16"
    integrity sha512-4KsaGcPnuhtCZQCxFxN3GVYIhKFPTdLd8PLC552XwbMndtD0cjRFAhDuuydXQ0h08ZfPgzqe6EKHozpuH74iDw==
  
  scrypt-js@^3.0.0:
    version "3.0.1"
    resolved "https://registry.yarnpkg.com/scrypt-js/-/scrypt-js-3.0.1.tgz#d314a57c2aef69d1ad98a138a21fe9eafa9ee312"
    integrity sha512-cdwTTnqPu0Hyvf5in5asVdZocVDTNRmR7XEcJuIzMjJeSHybHl7vpB66AzwTaIg6CLSbtjcxc8fqcySfnTkccA==
  
  secp256k1@^4.0.1:
    version "4.0.2"
    resolved "https://registry.yarnpkg.com/secp256k1/-/secp256k1-4.0.2.tgz#15dd57d0f0b9fdb54ac1fa1694f40e5e9a54f4a1"
    integrity sha512-UDar4sKvWAksIlfX3xIaQReADn+WFnHvbVujpcbr+9Sf/69odMwy2MUsz5CKLQgX9nsIyrjuxL2imVyoNHa3fg==
    dependencies:
      elliptic "^6.5.2"
      node-addon-api "^2.0.0"
      node-gyp-build "^4.2.0"
  
  semaphore@>=1.0.1, semaphore@^1.1.0:
    version "1.1.0"
    resolved "https://registry.yarnpkg.com/semaphore/-/semaphore-1.1.0.tgz#aaad8b86b20fe8e9b32b16dc2ee682a8cd26a8aa"
    integrity sha512-O4OZEaNtkMd/K0i6js9SL+gqy0ZCBMgUvlSqHKi4IBdjhe7wB8pwztUk1BbZ1fmrvpwFrPbHzqd2w5pTcJH6LA==
  
  semver@~5.4.1:
    version "5.4.1"
    resolved "https://registry.yarnpkg.com/semver/-/semver-5.4.1.tgz#e059c09d8571f0540823733433505d3a2f00b18e"
    integrity sha512-WfG/X9+oATh81XtllIo/I8gOiY9EXRdv1cQdyykeXK17YcUW3EXUAi2To4pcH6nZtJPr7ZOpM5OMyWJZm+8Rsg==
  
  setimmediate@1.0.4:
    version "1.0.4"
    resolved "https://registry.yarnpkg.com/setimmediate/-/setimmediate-1.0.4.tgz#20e81de622d4a02588ce0c8da8973cbcf1d3138f"
    integrity sha1-IOgd5iLUoCWIzgyNqJc8vPHTE48=
  
  setimmediate@^1.0.5:
    version "1.0.5"
    resolved "https://registry.yarnpkg.com/setimmediate/-/setimmediate-1.0.5.tgz#290cbb232e306942d7d7ea9b83732ab7856f8285"
    integrity sha1-KQy7Iy4waULX1+qbg3Mqt4VvgoU=
  
  sha.js@^2.4.0, sha.js@^2.4.8:
    version "2.4.11"
    resolved "https://registry.yarnpkg.com/sha.js/-/sha.js-2.4.11.tgz#37a5cf0b81ecbc6943de109ba2960d1b26584ae7"
    integrity sha512-QMEp5B7cftE7APOjk5Y6xgrbWu+WkLVQwk8JNjZ8nKRciZaByEW6MubieAiToS7+dwvrjGhH8jRXz3MVd0AYqQ==
    dependencies:
      inherits "^2.0.1"
      safe-buffer "^5.0.1"
  
  sinon@^4.0.0:
    version "4.5.0"
    resolved "https://registry.yarnpkg.com/sinon/-/sinon-4.5.0.tgz#427ae312a337d3c516804ce2754e8c0d5028cb04"
    integrity sha512-trdx+mB0VBBgoYucy6a9L7/jfQOmvGeaKZT4OOJ+lPAtI8623xyGr8wLiE4eojzBS8G9yXbhx42GHUOVLr4X2w==
    dependencies:
      "@sinonjs/formatio" "^2.0.0"
      diff "^3.1.0"
      lodash.get "^4.4.2"
      lolex "^2.2.0"
      nise "^1.2.0"
      supports-color "^5.1.0"
      type-detect "^4.0.5"
  
  source-map-support@0.5.6:
    version "0.5.6"
    resolved "https://registry.yarnpkg.com/source-map-support/-/source-map-support-0.5.6.tgz#4435cee46b1aab62b8e8610ce60f788091c51c13"
    integrity sha512-N4KXEz7jcKqPf2b2vZF11lQIz9W5ZMuUcIOGj243lduidkf2fjkVKJS9vNxVWn3u/uxX38AcE8U9nnH9FPcq+g==
    dependencies:
      buffer-from "^1.0.0"
      source-map "^0.6.0"
  
  source-map@^0.6.0:
    version "0.6.1"
    resolved "https://registry.yarnpkg.com/source-map/-/source-map-0.6.1.tgz#74722af32e9614e9c287a8d0bbde48b5e2f1a263"
    integrity sha512-UjgapumWlbMhkBgzT7Ykc5YXUT46F0iKu8SGXq0bcwP5dz/h0Plj6enJqjz1Zbq2l5WaqYnrVbwWOWMyF3F47g==
  
  split-on-first@^1.0.0:
    version "1.1.0"
    resolved "https://registry.yarnpkg.com/split-on-first/-/split-on-first-1.1.0.tgz#f610afeee3b12bce1d0c30425e76398b78249a5f"
    integrity sha512-43ZssAJaMusuKWL8sKUBQXHWOpq8d6CfN/u1p4gUzfJkM05C8rxTmYrkIPTXapZpORA6LkkzcUulJ8FqA7Uudw==
  
  strict-event-emitter-types@^2.0.0:
    version "2.0.0"
    resolved "https://registry.yarnpkg.com/strict-event-emitter-types/-/strict-event-emitter-types-2.0.0.tgz#05e15549cb4da1694478a53543e4e2f4abcf277f"
    integrity sha512-Nk/brWYpD85WlOgzw5h173aci0Teyv8YdIAEtV+N88nDB0dLlazZyJMIsN6eo1/AR61l+p6CJTG1JIyFaoNEEA==
  
  strict-uri-encode@^2.0.0:
    version "2.0.0"
    resolved "https://registry.yarnpkg.com/strict-uri-encode/-/strict-uri-encode-2.0.0.tgz#b9c7330c7042862f6b142dc274bbcc5866ce3546"
    integrity sha1-ucczDHBChi9rFC3CdLvMWGbONUY=
  
  string.prototype.trimend@^1.0.1:
    version "1.0.3"
    resolved "https://registry.yarnpkg.com/string.prototype.trimend/-/string.prototype.trimend-1.0.3.tgz#a22bd53cca5c7cf44d7c9d5c732118873d6cd18b"
    integrity sha512-ayH0pB+uf0U28CtjlLvL7NaohvR1amUvVZk+y3DYb0Ey2PUV5zPkkKy9+U1ndVEIXO8hNg18eIv9Jntbii+dKw==
    dependencies:
      call-bind "^1.0.0"
      define-properties "^1.1.3"
  
  string.prototype.trimstart@^1.0.1:
    version "1.0.3"
    resolved "https://registry.yarnpkg.com/string.prototype.trimstart/-/string.prototype.trimstart-1.0.3.tgz#9b4cb590e123bb36564401d59824298de50fd5aa"
    integrity sha512-oBIBUy5lea5tt0ovtOFiEQaBkoBBkyJhZXzJYrSmDo5IUUqbOPvVezuRs/agBIdZ2p2Eo1FD6bD9USyBLfl3xg==
    dependencies:
      call-bind "^1.0.0"
      define-properties "^1.1.3"
  
  string_decoder@^1.1.1:
    version "1.3.0"
    resolved "https://registry.yarnpkg.com/string_decoder/-/string_decoder-1.3.0.tgz#42f114594a46cf1a8e30b0a84f56c78c3edac21e"
    integrity sha512-hkRX8U1WjJFd8LsDJ2yQ/wWWxaopEsABU1XfkM8A+j0+85JAGppt16cr1Whg6KIbb4okU6Mql6BOj+uup/wKeA==
    dependencies:
      safe-buffer "~5.2.0"
  
  string_decoder@~0.10.x:
    version "0.10.31"
    resolved "https://registry.yarnpkg.com/string_decoder/-/string_decoder-0.10.31.tgz#62e203bc41766c6c28c9fc84301dab1c5310fa94"
    integrity sha1-YuIDvEF2bGwoyfyEMB2rHFMQ+pQ=
  
  string_decoder@~1.1.1:
    version "1.1.1"
    resolved "https://registry.yarnpkg.com/string_decoder/-/string_decoder-1.1.1.tgz#9cf1611ba62685d7030ae9e4ba34149c3af03fc8"
    integrity sha512-n/ShnvDi6FHbbVfviro+WojiFzv+s8MPMHBczVePfUpDJLwoLT0ht1l4YwBCbi8pJAveEEdnkHyPyTP/mzRfwg==
    dependencies:
      safe-buffer "~5.1.0"
  
  strip-hex-prefix@1.0.0:
    version "1.0.0"
    resolved "https://registry.yarnpkg.com/strip-hex-prefix/-/strip-hex-prefix-1.0.0.tgz#0c5f155fef1151373377de9dbb588da05500e36f"
    integrity sha1-DF8VX+8RUTczd96du1iNoFUA428=
    dependencies:
      is-hex-prefixed "1.0.0"
  
  supports-color@^5.1.0, supports-color@^5.3.0:
    version "5.5.0"
    resolved "https://registry.yarnpkg.com/supports-color/-/supports-color-5.5.0.tgz#e2e69a44ac8772f78a1ec0b35b689df6530efc8f"
    integrity sha512-QjVjwdXIt408MIiAqCX4oUKsgU2EqAGzs2Ppkm4aQYbjm+ZEWEcW4SfFNTr4uMNZma0ey4f5lgLrkB0aX0QMow==
    dependencies:
      has-flag "^3.0.0"
  
  tstl@^2.0.7:
    version "2.4.12"
    resolved "https://registry.yarnpkg.com/tstl/-/tstl-2.4.12.tgz#a77e49cd3ead170d40b1d03263ff183de5e007b9"
    integrity sha512-VWchyrLg9Bw/MFet31+uNLPYud52kGDVLsQSZJ4/T3Uu6m1m2/5RfdYdlV6RKmXeDlTbc8Dklkwm07Nhk2FejQ==
  
  type-detect@4.0.8, type-detect@^4.0.5:
    version "4.0.8"
    resolved "https://registry.yarnpkg.com/type-detect/-/type-detect-4.0.8.tgz#7646fb5f18871cfbb7749e69bd39a6388eb7450c"
    integrity sha512-0fr/mIH1dlO+x7TlcMy+bIDqKPsw/70tVyeHW787goQjhmqaZe10uwLujubK9q9Lg6Fiho1KUKDYz0Z7k7g5/g==
  
  type@^1.0.1:
    version "1.2.0"
    resolved "https://registry.yarnpkg.com/type/-/type-1.2.0.tgz#848dd7698dafa3e54a6c479e759c4bc3f18847a0"
    integrity sha512-+5nt5AAniqsCnu2cEQQdpzCAh33kVx8n0VoFidKpB1dVVLAN/F+bgVOqOJqOnEnrhp222clB5p3vUlD+1QAnfg==
  
  type@^2.0.0:
    version "2.1.0"
    resolved "https://registry.yarnpkg.com/type/-/type-2.1.0.tgz#9bdc22c648cf8cf86dd23d32336a41cfb6475e3f"
    integrity sha512-G9absDWvhAWCV2gmF1zKud3OyC61nZDwWvBL2DApaVFogI07CprggiQAOOjvp2NRjYWFzPyu7vwtDrQFq8jeSA==
  
  typedarray-to-buffer@^3.1.5:
    version "3.1.5"
    resolved "https://registry.yarnpkg.com/typedarray-to-buffer/-/typedarray-to-buffer-3.1.5.tgz#a97ee7a9ff42691b9f783ff1bc5112fe3fca9080"
    integrity sha512-zdu8XMNEDepKKR+XYOXAVPtWui0ly0NtohUscw+UmaHiAWT8hrV1rr//H6V+0DvJ3OQ19S979M0laLfX8rm82Q==
    dependencies:
      is-typedarray "^1.0.0"
  
  typescript@^3.9.7:
    version "3.9.7"
    resolved "https://registry.yarnpkg.com/typescript/-/typescript-3.9.7.tgz#98d600a5ebdc38f40cb277522f12dc800e9e25fa"
    integrity sha512-BLbiRkiBzAwsjut4x/dsibSTB6yWpwT5qWmC2OfuCg3GgVQCSgMs4vEctYPhsaGtd0AeuuHMkjZ2h2WG8MSzRw==
  
  utf-8-validate@^5.0.2:
    version "5.0.3"
    resolved "https://registry.yarnpkg.com/utf-8-validate/-/utf-8-validate-5.0.3.tgz#3b64e418ad2ff829809025fdfef595eab2f03a27"
    integrity sha512-jtJM6fpGv8C1SoH4PtG22pGto6x+Y8uPprW0tw3//gGFhDDTiuksgradgFN6yRayDP4SyZZa6ZMGHLIa17+M8A==
    dependencies:
      node-gyp-build "^4.2.0"
  
  util-deprecate@^1.0.1, util-deprecate@~1.0.1:
    version "1.0.2"
    resolved "https://registry.yarnpkg.com/util-deprecate/-/util-deprecate-1.0.2.tgz#450d4dc9fa70de732762fbd2d4a28981419a0ccf"
    integrity sha1-RQ1Nyfpw3nMnYvvS1KKJgUGaDM8=
  
  util.promisify@^1.0.0:
    version "1.0.1"
    resolved "https://registry.yarnpkg.com/util.promisify/-/util.promisify-1.0.1.tgz#6baf7774b80eeb0f7520d8b81d07982a59abbaee"
    integrity sha512-g9JpC/3He3bm38zsLupWryXHoEcS22YHthuPQSJdMy6KNrzIRzWqcsHzD/WUnqe45whVou4VIsPew37DoXWNrA==
    dependencies:
      define-properties "^1.1.3"
      es-abstract "^1.17.2"
      has-symbols "^1.0.1"
      object.getownpropertydescriptors "^2.1.0"
  
  uuid@2.0.1:
    version "2.0.1"
    resolved "https://registry.yarnpkg.com/uuid/-/uuid-2.0.1.tgz#c2a30dedb3e535d72ccf82e343941a50ba8533ac"
    integrity sha1-wqMN7bPlNdcsz4LjQ5QaULqFM6w=
  
  uuid@3.2.1:
    version "3.2.1"
    resolved "https://registry.yarnpkg.com/uuid/-/uuid-3.2.1.tgz#12c528bb9d58d0b9265d9a2f6f0fe8be17ff1f14"
    integrity sha512-jZnMwlb9Iku/O3smGWvZhauCf6cvvpKi4BKRiliS3cxnI+Gz9j5MEpTz2UFuXiKPJocb7gnsLHwiS05ige5BEA==
  
  uuid@^3.3.2:
    version "3.4.0"
    resolved "https://registry.yarnpkg.com/uuid/-/uuid-3.4.0.tgz#b23e4358afa8a202fe7a100af1f5f883f02007ee"
    integrity sha512-HjSDRw6gZE5JMggctHBcjVak08+KEVhSIiDzFnT9S9aegmp85S/bReBVTb4QTFaRNptJ9kuYaNhnbNEOkbKb/A==
  
  valid-url@^1.0.9:
    version "1.0.9"
    resolved "https://registry.yarnpkg.com/valid-url/-/valid-url-1.0.9.tgz#1c14479b40f1397a75782f115e4086447433a200"
    integrity sha1-HBRHm0DxOXp1eC8RXkCGRHQzogA=
  
  websocket-polyfill@^0.0.3:
    version "0.0.3"
    resolved "https://registry.yarnpkg.com/websocket-polyfill/-/websocket-polyfill-0.0.3.tgz#7321ada0f5f17516290ba1cb587ac111b74ce6a5"
    integrity sha512-pF3kR8Uaoau78MpUmFfzbIRxXj9PeQrCuPepGE6JIsfsJ/o/iXr07Q2iQNzKSSblQJ0FiGWlS64N4pVSm+O3Dg==
    dependencies:
      tstl "^2.0.7"
      websocket "^1.0.28"
  
  websocket@^1.0.26, websocket@^1.0.28:
    version "1.0.32"
    resolved "https://registry.yarnpkg.com/websocket/-/websocket-1.0.32.tgz#1f16ddab3a21a2d929dec1687ab21cfdc6d3dbb1"
    integrity sha512-i4yhcllSP4wrpoPMU2N0TQ/q0O94LRG/eUQjEAamRltjQ1oT1PFFKOG4i877OlJgCG8rw6LrrowJp+TYCEWF7Q==
    dependencies:
      bufferutil "^4.0.1"
      debug "^2.2.0"
      es5-ext "^0.10.50"
      typedarray-to-buffer "^3.1.5"
      utf-8-validate "^5.0.2"
      yaeti "^0.0.6"
  
  what-the-pack@^2.0.3:
    version "2.0.3"
    resolved "https://registry.yarnpkg.com/what-the-pack/-/what-the-pack-2.0.3.tgz#1d187a85b76a7222ba1b0c386b2bd56434593124"
    integrity sha512-vJFrS6U6acWUgkKu9dLuMsQnnHEzIpop1VDMc142h+zU+jUcS+FZlRO/BDJ9/S9cvp2sQWygImBDwl0WN9aadw==
    dependencies:
      buffer "^5.2.1"
      pretty-bytes "^5.1.0"
  
  whatwg-fetch@>=0.10.0:
    version "3.5.0"
    resolved "https://registry.yarnpkg.com/whatwg-fetch/-/whatwg-fetch-3.5.0.tgz#605a2cd0a7146e5db141e29d1c62ab84c0c4c868"
    integrity sha512-jXkLtsR42xhXg7akoDKvKWE40eJeI+2KZqcp2h3NsOrRnDvtWX36KcKl30dy+hxECivdk2BVUHVNrPtoMBUx6A==
  
  xmlhttprequest@1.8.0:
    version "1.8.0"
    resolved "https://registry.yarnpkg.com/xmlhttprequest/-/xmlhttprequest-1.8.0.tgz#67fe075c5c24fef39f9d65f5f7b7fe75171968fc"
    integrity sha1-Z/4HXFwk/vOfnWX197f+dRcZaPw=
  
  xtend@^4.0.0, xtend@^4.0.1, xtend@~4.0.0:
    version "4.0.2"
    resolved "https://registry.yarnpkg.com/xtend/-/xtend-4.0.2.tgz#bb72779f5fa465186b1f438f674fa347fdb5db54"
    integrity sha512-LKYU1iAXJXUgAXn9URjiu+MWhyUXHsvfp7mcuYm9dSUKK0/CjtrUwFAxD82/mCWbtLsGjFIad0wIsod4zrTAEQ==
  
  xtend@~2.1.1:
    version "2.1.2"
    resolved "https://registry.yarnpkg.com/xtend/-/xtend-2.1.2.tgz#6efecc2a4dad8e6962c4901b337ce7ba87b5d28b"
    integrity sha1-bv7MKk2tjmlixJAbM3znuoe10os=
    dependencies:
      object-keys "~0.4.0"
  
  yaeti@^0.0.6:
    version "0.0.6"
    resolved "https://registry.yarnpkg.com/yaeti/-/yaeti-0.0.6.tgz#f26f484d72684cf42bedfb76970aa1608fbf9577"
    integrity sha1-8m9ITXJoTPQr7ft2lwqhYI+/lXc=
  
  yallist@^3.0.2:
    version "3.1.1"
    resolved "https://registry.yarnpkg.com/yallist/-/yallist-3.1.1.tgz#dbb7daf9bfd8bac9ab45ebf602b8cbad0d5d08fd"
    integrity sha512-a4UGQaWPH59mOXUYnAG2ewncQS4i4F43Tv3JoAM+s2VDAmS9NsK8GpDMLrCHPksFT7h3K6TOoUNn2pb7RoXx4g==
